This is pdfTeX, Version 3.141592653-2.6-1.40.22 (TeX Live 2021) (preloaded format=pdflatex 2022.3.17)  2 APR 2022 18:44
entering extended mode
 restricted \write18 enabled.
 file:line:error style messages enabled.
 %&-line parsing enabled.
**/Users/patrickaltmeyer/Documents/code/CounterfactualExplanations.jl/paper/_paper.tex
(/Users/patrickaltmeyer/Documents/code/CounterfactualExplanations.jl/paper/_paper.tex
LaTeX2e <2020-10-01> patch level 4
L3 programming layer <2021-02-18> (/usr/local/texlive/2021/texmf-dist/tex/latex/koma-script/scrartcl.cls
Document Class: scrartcl 2021/03/17 v3.33 KOMA-Script document class (article)
(/usr/local/texlive/2021/texmf-dist/tex/latex/koma-script/scrkbase.sty
Package: scrkbase 2021/03/17 v3.33 KOMA-Script package (KOMA-Script-dependent basics and keyval usage)
 (/usr/local/texlive/2021/texmf-dist/tex/latex/koma-script/scrbase.sty
Package: scrbase 2021/03/17 v3.33 KOMA-Script package (KOMA-Script-independent basics and keyval usage)
 (/usr/local/texlive/2021/texmf-dist/tex/latex/koma-script/scrlfile.sty
Package: scrlfile 2021/03/17 v3.33 KOMA-Script package (file load hooks)
 (/usr/local/texlive/2021/texmf-dist/tex/latex/koma-script/scrlfile-hook.sty
Package: scrlfile-hook 2021/03/17 v3.33 KOMA-Script package (using LaTeX hooks)

LaTeX3 Info: Defining command \BeforeFile with sig. 'm' on line 61.


LaTeX3 Info: Defining command \AfterFile with sig. 'm' on line 65.


LaTeX3 Info: Defining command \BeforeClass with sig. 'm' on line 69.


LaTeX3 Info: Defining command \BeforePackage with sig. 'm' on line 73.


LaTeX3 Info: Defining command \AfterAtEndOfClass with sig. 'smo+m' on line 83.


LaTeX3 Info: Defining command \AfterAtEndOfPackage with sig. 'smo+m' on line
(LaTeX3)     93.


LaTeX3 Info: Defining command \scrlfile@AfterClass with sig. 'smo+m' on line
(LaTeX3)     173.


LaTeX3 Info: Defining command \AfterClass with sig. '' on line 174.


LaTeX3 Info: Defining command \scrlfile@AfterPackage with sig. 'smo+m' on line
(LaTeX3)     191.


LaTeX3 Info: Defining command \AfterPackage with sig. '' on line 192.


LaTeX3 Info: Defining command \ReplaceInput with sig. '' on line 193.


LaTeX3 Info: Defining command \ReplaceClass with sig. 'mm' on line 196.


LaTeX3 Info: Defining command \ReplacePackage with sig. 'mm' on line 199.


LaTeX3 Info: Defining command \UnReplaceInput with sig. '' on line 200.


LaTeX3 Info: Defining command \UnReplaceClass with sig. 'm' on line 203.


LaTeX3 Info: Defining command \UnReplacePackage with sig. 'mm' on line 206.


LaTeX3 Info: Defining command \PreventPackageFromLoading with sig. 's+om' on
(LaTeX3)     line 234.


LaTeX3 Info: Defining command \StorePreventPackageFromLoading with sig. 'm' on
(LaTeX3)     line 242.


LaTeX3 Info: Defining command \ResetPreventPackageFromLoading with sig. '' on
(LaTeX3)     line 247.


LaTeX3 Info: Defining command \UnPreventPackageFromLoading with sig. 'sm' on
(LaTeX3)     line 261.


LaTeX3 Info: Defining command \BeforeClosingMainAux with sig. 'om' on line
(LaTeX3)     274.


LaTeX3 Info: Defining command \AfterReadingMainAux with sig. 'om' on line 287.


LaTeX3 Info: Defining command \protected@immediate@write with sig. 'm+m+m' on
(LaTeX3)     line 298.

 (/usr/local/texlive/2021/texmf-dist/tex/latex/koma-script/scrlogo.sty
Package: scrlogo 2021/03/17 v3.33 KOMA-Script package (logo)
))) (/usr/local/texlive/2021/texmf-dist/tex/latex/graphics/keyval.sty
Package: keyval 2014/10/28 v1.15 key=value parser (DPC)
\KV@toks@=\toks15
)
Skipping: [2021/05/01] Usage of raw option list on input line 252.
Applying: [0000/00/00] compatibility for LaTeX before 2021/05/01 on input line 337.
)) (/usr/local/texlive/2021/texmf-dist/tex/latex/koma-script/tocbasic.sty
Package: tocbasic 2021/03/17 v3.33 KOMA-Script package (handling toc-files)
\scr@dte@tocline@numberwidth=\skip47
\scr@dte@tocline@numbox=\box47
)
Package tocbasic Info: babel extension for `toc' omitted
(tocbasic)             because of missing \bbl@set@language on input line 135.
Class scrartcl Info: File `scrsize11pt.clo' used instead of
(scrartcl)           file `scrsize11.clo' to setup font sizes on input line 2239.
 (/usr/local/texlive/2021/texmf-dist/tex/latex/koma-script/scrsize11pt.clo
File: scrsize11pt.clo 2021/03/17 v3.33 KOMA-Script font size class option (11pt)
) (/usr/local/texlive/2021/texmf-dist/tex/latex/koma-script/typearea.sty
Package: typearea 2021/03/17 v3.33 KOMA-Script package (type area)
\ta@bcor=\skip48
\ta@div=\count179
Package typearea Info: You've used standard option `letterpaper'.
(typearea)             This is correct!
(typearea)             Internally I'm using `paper=letter'.
(typearea)             If you'd like to set the option with \KOMAoptions,
(typearea)             you'd have to use `paper=letter' there
(typearea)             instead of `letterpaper', too.
\ta@hblk=\skip49
\ta@vblk=\skip50
\ta@temp=\skip51
\footheight=\skip52
Package typearea Info: These are the values describing the layout:
(typearea)             DIV  = 11
(typearea)             BCOR = 0.0pt
(typearea)             \paperwidth      = 614.295pt
(typearea)              \textwidth      = 446.76004pt
(typearea)              DIV departure   = -14%
(typearea)              \evensidemargin = 11.49748pt
(typearea)              \oddsidemargin  = 11.49748pt
(typearea)             \paperheight     = 794.96999pt
(typearea)              \textheight     = 582.20026pt
(typearea)              \topmargin      = -37.40001pt
(typearea)              \headheight     = 17.0pt
(typearea)              \headsep        = 20.40001pt
(typearea)              \topskip        = 11.0pt
(typearea)              \footskip       = 47.6pt
(typearea)              \baselineskip   = 13.6pt
(typearea)              on input line 1741.
)
\c@part=\count180
\c@section=\count181
\c@subsection=\count182
\c@subsubsection=\count183
\c@paragraph=\count184
\c@subparagraph=\count185
\scr@dte@section@maxnumwidth=\skip53
Class scrartcl Info: using compatibility default `runin=bysign'
(scrartcl)           for `\section on input line 4846.
Class scrartcl Info: using compatibility default `afterindent=bysign'
(scrartcl)           for `\section on input line 4846.
\scr@dte@part@maxnumwidth=\skip54
Class scrartcl Info: using compatibility default `afterindent=false'
(scrartcl)           for `\part on input line 4854.
\scr@dte@subsection@maxnumwidth=\skip55
Class scrartcl Info: using compatibility default `runin=bysign'
(scrartcl)           for `\subsection on input line 4864.
Class scrartcl Info: using compatibility default `afterindent=bysign'
(scrartcl)           for `\subsection on input line 4864.
\scr@dte@subsubsection@maxnumwidth=\skip56
Class scrartcl Info: using compatibility default `runin=bysign'
(scrartcl)           for `\subsubsection on input line 4874.
Class scrartcl Info: using compatibility default `afterindent=bysign'
(scrartcl)           for `\subsubsection on input line 4874.
\scr@dte@paragraph@maxnumwidth=\skip57
Class scrartcl Info: using compatibility default `runin=bysign'
(scrartcl)           for `\paragraph on input line 4885.
Class scrartcl Info: using compatibility default `afterindent=bysign'
(scrartcl)           for `\paragraph on input line 4885.
\scr@dte@subparagraph@maxnumwidth=\skip58
Class scrartcl Info: using compatibility default `runin=bysign'
(scrartcl)           for `\subparagraph on input line 4895.
Class scrartcl Info: using compatibility default `afterindent=bysign'
(scrartcl)           for `\subparagraph on input line 4895.
\abovecaptionskip=\skip59
\belowcaptionskip=\skip60
\c@pti@nb@sid@b@x=\box48
Package tocbasic Info: babel extension for `lof' omitted
(tocbasic)             because of missing \bbl@set@language on input line 6127.
\scr@dte@figure@maxnumwidth=\skip61
\c@figure=\count186
Package tocbasic Info: babel extension for `lot' omitted
(tocbasic)             because of missing \bbl@set@language on input line 6139.
\scr@dte@table@maxnumwidth=\skip62
\c@table=\count187
Class scrartcl Info: Redefining `\numberline' on input line 6303.
\bibindent=\dimen138
) (/usr/local/texlive/2021/texmf-dist/tex/latex/amsmath/amsmath.sty
Package: amsmath 2020/09/23 v2.17i AMS math features
\@mathmargin=\skip63

For additional information on amsmath, use the `?' option.
(/usr/local/texlive/2021/texmf-dist/tex/latex/amsmath/amstext.sty
Package: amstext 2000/06/29 v2.01 AMS text
 (/usr/local/texlive/2021/texmf-dist/tex/latex/amsmath/amsgen.sty
File: amsgen.sty 1999/11/30 v2.0 generic functions
\@emptytoks=\toks16
\ex@=\dimen139
)) (/usr/local/texlive/2021/texmf-dist/tex/latex/amsmath/amsbsy.sty
Package: amsbsy 1999/11/29 v1.2d Bold Symbols
\pmbraise@=\dimen140
) (/usr/local/texlive/2021/texmf-dist/tex/latex/amsmath/amsopn.sty
Package: amsopn 2016/03/08 v2.02 operator names
)
\inf@bad=\count188
LaTeX Info: Redefining \frac on input line 234.
\uproot@=\count189
\leftroot@=\count190
LaTeX Info: Redefining \overline on input line 399.
\classnum@=\count191
\DOTSCASE@=\count192
LaTeX Info: Redefining \ldots on input line 496.
LaTeX Info: Redefining \dots on input line 499.
LaTeX Info: Redefining \cdots on input line 620.
\Mathstrutbox@=\box49
\strutbox@=\box50
\big@size=\dimen141
LaTeX Font Info:    Redeclaring font encoding OML on input line 743.
LaTeX Font Info:    Redeclaring font encoding OMS on input line 744.
\macc@depth=\count193
\c@MaxMatrixCols=\count194
\dotsspace@=\muskip16
\c@parentequation=\count195
\dspbrk@lvl=\count196
\tag@help=\toks17
\row@=\count197
\column@=\count198
\maxfields@=\count199
\andhelp@=\toks18
\eqnshift@=\dimen142
\alignsep@=\dimen143
\tagshift@=\dimen144
\tagwidth@=\dimen145
\totwidth@=\dimen146
\lineht@=\dimen147
\@envbody=\toks19
\multlinegap=\skip64
\multlinetaggap=\skip65
\mathdisplay@stack=\toks20
LaTeX Info: Redefining \[ on input line 2923.
LaTeX Info: Redefining \] on input line 2924.
) (/usr/local/texlive/2021/texmf-dist/tex/latex/amsfonts/amssymb.sty
Package: amssymb 2013/01/14 v3.01 AMS font symbols
 (/usr/local/texlive/2021/texmf-dist/tex/latex/amsfonts/amsfonts.sty
Package: amsfonts 2013/01/14 v3.01 Basic AMSFonts support
\symAMSa=\mathgroup4
\symAMSb=\mathgroup5
LaTeX Font Info:    Redeclaring math symbol \hbar on input line 98.
LaTeX Font Info:    Overwriting math alphabet `\mathfrak' in version `bold'
(Font)                  U/euf/m/n --> U/euf/b/n on input line 106.
)) (/usr/local/texlive/2021/texmf-dist/tex/latex/lm/lmodern.sty
Package: lmodern 2015/05/01 v1.6.1 Latin Modern Fonts
LaTeX Font Info:    Overwriting symbol font `operators' in version `normal'
(Font)                  OT1/cmr/m/n --> OT1/lmr/m/n on input line 22.
LaTeX Font Info:    Overwriting symbol font `letters' in version `normal'
(Font)                  OML/cmm/m/it --> OML/lmm/m/it on input line 23.
LaTeX Font Info:    Overwriting symbol font `symbols' in version `normal'
(Font)                  OMS/cmsy/m/n --> OMS/lmsy/m/n on input line 24.
LaTeX Font Info:    Overwriting symbol font `largesymbols' in version `normal'
(Font)                  OMX/cmex/m/n --> OMX/lmex/m/n on input line 25.
LaTeX Font Info:    Overwriting symbol font `operators' in version `bold'
(Font)                  OT1/cmr/bx/n --> OT1/lmr/bx/n on input line 26.
LaTeX Font Info:    Overwriting symbol font `letters' in version `bold'
(Font)                  OML/cmm/b/it --> OML/lmm/b/it on input line 27.
LaTeX Font Info:    Overwriting symbol font `symbols' in version `bold'
(Font)                  OMS/cmsy/b/n --> OMS/lmsy/b/n on input line 28.
LaTeX Font Info:    Overwriting symbol font `largesymbols' in version `bold'
(Font)                  OMX/cmex/m/n --> OMX/lmex/m/n on input line 29.
LaTeX Font Info:    Overwriting math alphabet `\mathbf' in version `normal'
(Font)                  OT1/cmr/bx/n --> OT1/lmr/bx/n on input line 31.
LaTeX Font Info:    Overwriting math alphabet `\mathsf' in version `normal'
(Font)                  OT1/cmss/m/n --> OT1/lmss/m/n on input line 32.
LaTeX Font Info:    Overwriting math alphabet `\mathit' in version `normal'
(Font)                  OT1/cmr/m/it --> OT1/lmr/m/it on input line 33.
LaTeX Font Info:    Overwriting math alphabet `\mathtt' in version `normal'
(Font)                  OT1/cmtt/m/n --> OT1/lmtt/m/n on input line 34.
LaTeX Font Info:    Overwriting math alphabet `\mathbf' in version `bold'
(Font)                  OT1/cmr/bx/n --> OT1/lmr/bx/n on input line 35.
LaTeX Font Info:    Overwriting math alphabet `\mathsf' in version `bold'
(Font)                  OT1/cmss/bx/n --> OT1/lmss/bx/n on input line 36.
LaTeX Font Info:    Overwriting math alphabet `\mathit' in version `bold'
(Font)                  OT1/cmr/bx/it --> OT1/lmr/bx/it on input line 37.
LaTeX Font Info:    Overwriting math alphabet `\mathtt' in version `bold'
(Font)                  OT1/cmtt/m/n --> OT1/lmtt/m/n on input line 38.
) (/usr/local/texlive/2021/texmf-dist/tex/generic/iftex/iftex.sty
Package: iftex 2020/03/06 v1.0d TeX engine tests
) (/usr/local/texlive/2021/texmf-dist/tex/latex/base/fontenc.sty
Package: fontenc 2020/08/10 v2.0s Standard LaTeX package
LaTeX Font Info:    Trying to load font information for T1+lmr on input line 112.
 (/usr/local/texlive/2021/texmf-dist/tex/latex/lm/t1lmr.fd
File: t1lmr.fd 2015/05/01 v1.6.1 Font defs for Latin Modern
)) (/usr/local/texlive/2021/texmf-dist/tex/latex/base/inputenc.sty
Package: inputenc 2020/08/01 v1.3d Input encoding file
\inpenc@prehook=\toks21
\inpenc@posthook=\toks22
) (/usr/local/texlive/2021/texmf-dist/tex/latex/base/textcomp.sty
Package: textcomp 2020/02/02 v2.0n Standard LaTeX package
) (/usr/local/texlive/2021/texmf-dist/tex/latex/upquote/upquote.sty
Package: upquote 2012/04/19 v1.3 upright-quote and grave-accent glyphs in verbatim
) (/usr/local/texlive/2021/texmf-dist/tex/latex/microtype/microtype.sty
Package: microtype 2021/03/14 v2.8c Micro-typographical refinements (RS)
\MT@toks=\toks23
\MT@count=\count266
LaTeX Info: Redefining \textls on input line 790.
\MT@outer@kern=\dimen148
LaTeX Info: Redefining \textmicrotypecontext on input line 1374.
\MT@listname@count=\count267
 (/usr/local/texlive/2021/texmf-dist/tex/latex/microtype/microtype-pdftex.def
File: microtype-pdftex.def 2021/03/14 v2.8c Definitions specific to pdftex (RS)
LaTeX Info: Redefining \lsstyle on input line 915.
LaTeX Info: Redefining \lslig on input line 915.
\MT@outer@space=\skip66
)
Package microtype Info: Loading configuration file microtype.cfg.
 (/usr/local/texlive/2021/texmf-dist/tex/latex/microtype/microtype.cfg
File: microtype.cfg 2021/03/14 v2.8c microtype main configuration file (RS)
)) (/usr/local/texlive/2021/texmf-dist/tex/latex/xcolor/xcolor.sty
Package: xcolor 2016/05/11 v2.12 LaTeX color extensions (UK)
 (/usr/local/texlive/2021/texmf-dist/tex/latex/graphics-cfg/color.cfg
File: color.cfg 2016/01/02 v1.6 sample color configuration
)
Package xcolor Info: Driver file: pdftex.def on input line 225.
 (/usr/local/texlive/2021/texmf-dist/tex/latex/graphics-def/pdftex.def
File: pdftex.def 2020/10/05 v1.2a Graphics/color driver for pdftex
)
Package xcolor Info: Model `cmy' substituted by `cmy0' on input line 1348.
Package xcolor Info: Model `hsb' substituted by `rgb' on input line 1352.
Package xcolor Info: Model `RGB' extended on input line 1364.
Package xcolor Info: Model `HTML' substituted by `rgb' on input line 1366.
Package xcolor Info: Model `Hsb' substituted by `hsb' on input line 1367.
Package xcolor Info: Model `tHsb' substituted by `hsb' on input line 1368.
Package xcolor Info: Model `HSB' substituted by `hsb' on input line 1369.
Package xcolor Info: Model `Gray' substituted by `gray' on input line 1370.
Package xcolor Info: Model `wave' substituted by `hsb' on input line 1371.
 (/usr/local/texlive/2021/texmf-dist/tex/latex/graphics/dvipsnam.def
File: dvipsnam.def 2016/06/17 v3.0m Driver-dependent file (DPC,SPQR)
) (/usr/local/texlive/2021/texmf-dist/tex/latex/xcolor/svgnam.def
File: svgnam.def 2016/05/11 v2.12 Predefined colors according to SVG 1.1 (UK)
) (/usr/local/texlive/2021/texmf-dist/tex/latex/xcolor/x11nam.def
File: x11nam.def 2016/05/11 v2.12 Predefined colors according to Unix/X11 (UK)
)) (/usr/local/texlive/2021/texmf-dist/tex/latex/xurl/xurl.sty
Package: xurl 2020/12/30 v 0.09a modify URL breaks
 (/usr/local/texlive/2021/texmf-dist/tex/latex/url/url.sty
\Urlmuskip=\muskip17
Package: url 2013/09/16  ver 3.4  Verb mode for urls, etc.
)) (/usr/local/texlive/2021/texmf-dist/tex/latex/bookmark/bookmark.sty
Package: bookmark 2020-11-06 v1.29 PDF bookmarks (HO)
 (/usr/local/texlive/2021/texmf-dist/tex/latex/hyperref/hyperref.sty
Package: hyperref 2021-02-27 v7.00k Hypertext links for LaTeX
 (/usr/local/texlive/2021/texmf-dist/tex/generic/ltxcmds/ltxcmds.sty
Package: ltxcmds 2020-05-10 v1.25 LaTeX kernel commands for general use (HO)
) (/usr/local/texlive/2021/texmf-dist/tex/generic/pdftexcmds/pdftexcmds.sty
Package: pdftexcmds 2020-06-27 v0.33 Utility functions of pdfTeX for LuaTeX (HO)
 (/usr/local/texlive/2021/texmf-dist/tex/generic/infwarerr/infwarerr.sty
Package: infwarerr 2019/12/03 v1.5 Providing info/warning/error messages (HO)
)
Package pdftexcmds Info: \pdf@primitive is available.
Package pdftexcmds Info: \pdf@ifprimitive is available.
Package pdftexcmds Info: \pdfdraftmode found.
) (/usr/local/texlive/2021/texmf-dist/tex/generic/kvsetkeys/kvsetkeys.sty
Package: kvsetkeys 2019/12/15 v1.18 Key value parser (HO)
) (/usr/local/texlive/2021/texmf-dist/tex/generic/kvdefinekeys/kvdefinekeys.sty
Package: kvdefinekeys 2019-12-19 v1.6 Define keys (HO)
) (/usr/local/texlive/2021/texmf-dist/tex/generic/pdfescape/pdfescape.sty
Package: pdfescape 2019/12/09 v1.15 Implements pdfTeX's escape features (HO)
) (/usr/local/texlive/2021/texmf-dist/tex/latex/hycolor/hycolor.sty
Package: hycolor 2020-01-27 v1.10 Color options for hyperref/bookmark (HO)
) (/usr/local/texlive/2021/texmf-dist/tex/latex/letltxmacro/letltxmacro.sty
Package: letltxmacro 2019/12/03 v1.6 Let assignment for LaTeX macros (HO)
) (/usr/local/texlive/2021/texmf-dist/tex/latex/auxhook/auxhook.sty
Package: auxhook 2019-12-17 v1.6 Hooks for auxiliary files (HO)
) (/usr/local/texlive/2021/texmf-dist/tex/latex/kvoptions/kvoptions.sty
Package: kvoptions 2020-10-07 v3.14 Key value format for package options (HO)
)
\@linkdim=\dimen149
\Hy@linkcounter=\count268
\Hy@pagecounter=\count269
 (/usr/local/texlive/2021/texmf-dist/tex/latex/hyperref/pd1enc.def
File: pd1enc.def 2021-02-27 v7.00k Hyperref: PDFDocEncoding definition (HO)
Now handling font encoding PD1 ...
... no UTF-8 mapping file for font encoding PD1
) (/usr/local/texlive/2021/texmf-dist/tex/latex/hyperref/hyperref-langpatches.def
File: hyperref-langpatches.def 2021-02-27 v7.00k Hyperref: patches for babel languages
) (/usr/local/texlive/2021/texmf-dist/tex/generic/intcalc/intcalc.sty
Package: intcalc 2019/12/15 v1.3 Expandable calculations with integers (HO)
) (/usr/local/texlive/2021/texmf-dist/tex/generic/etexcmds/etexcmds.sty
Package: etexcmds 2019/12/15 v1.7 Avoid name clashes with e-TeX commands (HO)
)
\Hy@SavedSpaceFactor=\count270
 (/usr/local/texlive/2021/texmf-dist/tex/latex/hyperref/puenc.def
File: puenc.def 2021-02-27 v7.00k Hyperref: PDF Unicode definition (HO)
Now handling font encoding PU ...
... no UTF-8 mapping file for font encoding PU
)
Package hyperref Info: Option `unicode' set `true' on input line 4073.
Package hyperref Info: Hyper figures OFF on input line 4192.
Package hyperref Info: Link nesting OFF on input line 4197.
Package hyperref Info: Hyper index ON on input line 4200.
Package hyperref Info: Plain pages OFF on input line 4207.
Package hyperref Info: Backreferencing OFF on input line 4212.
Package hyperref Info: Implicit mode ON; LaTeX internals redefined.
Package hyperref Info: Bookmarks ON on input line 4445.
\c@Hy@tempcnt=\count271
LaTeX Info: Redefining \url on input line 4804.
\XeTeXLinkMargin=\dimen150
 (/usr/local/texlive/2021/texmf-dist/tex/generic/bitset/bitset.sty
Package: bitset 2019/12/09 v1.3 Handle bit-vector datatype (HO)
 (/usr/local/texlive/2021/texmf-dist/tex/generic/bigintcalc/bigintcalc.sty
Package: bigintcalc 2019/12/15 v1.5 Expandable calculations on big integers (HO)
))
\Fld@menulength=\count272
\Field@Width=\dimen151
\Fld@charsize=\dimen152
Package hyperref Info: Hyper figures OFF on input line 6075.
Package hyperref Info: Link nesting OFF on input line 6080.
Package hyperref Info: Hyper index ON on input line 6083.
Package hyperref Info: backreferencing OFF on input line 6090.
Package hyperref Info: Link coloring OFF on input line 6095.
Package hyperref Info: Link coloring with OCG OFF on input line 6100.
Package hyperref Info: PDF/A mode OFF on input line 6105.
LaTeX Info: Redefining \ref on input line 6145.
LaTeX Info: Redefining \pageref on input line 6149.
 (/usr/local/texlive/2021/texmf-dist/tex/latex/base/atbegshi-ltx.sty
Package: atbegshi-ltx 2020/08/17 v1.0a Emulation of the original atbegshi package
with kernel methods
)
\Hy@abspage=\count273
\c@Item=\count274
\c@Hfootnote=\count275
)
Package hyperref Info: Driver (autodetected): hpdftex.
 (/usr/local/texlive/2021/texmf-dist/tex/latex/hyperref/hpdftex.def
File: hpdftex.def 2021-02-27 v7.00k Hyperref driver for pdfTeX
 (/usr/local/texlive/2021/texmf-dist/tex/latex/base/atveryend-ltx.sty
Package: atveryend-ltx 2020/08/19 v1.0a Emulation of the original atvery package
with kernel methods
)
\Fld@listcount=\count276
\c@bookmark@seq@number=\count277
 (/usr/local/texlive/2021/texmf-dist/tex/latex/rerunfilecheck/rerunfilecheck.sty
Package: rerunfilecheck 2019/12/05 v1.9 Rerun checks for auxiliary files (HO)
 (/usr/local/texlive/2021/texmf-dist/tex/generic/uniquecounter/uniquecounter.sty
Package: uniquecounter 2019/12/15 v1.4 Provide unlimited unique counter (HO)
)
Package uniquecounter Info: New unique counter `rerunfilecheck' on input line 286.
)
\Hy@SectionHShift=\skip67
) (/usr/local/texlive/2021/texmf-dist/tex/latex/bookmark/bkm-pdftex.def
File: bkm-pdftex.def 2020-11-06 v1.29 bookmark driver for pdfTeX (HO)
\BKM@id=\count278
))
Package hyperref Info: Option `colorlinks' set `true' on input line 47.
 (/usr/local/texlive/2021/texmf-dist/tex/latex/tools/longtable.sty
Package: longtable 2020/01/07 v4.13 Multi-page Table package (DPC)
\LTleft=\skip68
\LTright=\skip69
\LTpre=\skip70
\LTpost=\skip71
\LTchunksize=\count279
\LTcapwidth=\dimen153
\LT@head=\box51
\LT@firsthead=\box52
\LT@foot=\box53
\LT@lastfoot=\box54
\LT@cols=\count280
\LT@rows=\count281
\c@LT@tables=\count282
\c@LT@chunks=\count283
\LT@p@ftn=\toks24
)
Class scrartcl Info: longtable captions redefined on input line 50.
 (/usr/local/texlive/2021/texmf-dist/tex/latex/booktabs/booktabs.sty
Package: booktabs 2020/01/12 v1.61803398 Publication quality tables
\heavyrulewidth=\dimen154
\lightrulewidth=\dimen155
\cmidrulewidth=\dimen156
\belowrulesep=\dimen157
\belowbottomsep=\dimen158
\aboverulesep=\dimen159
\abovetopsep=\dimen160
\cmidrulesep=\dimen161
\cmidrulekern=\dimen162
\defaultaddspace=\dimen163
\@cmidla=\count284
\@cmidlb=\count285
\@aboverulesep=\dimen164
\@belowrulesep=\dimen165
\@thisruleclass=\count286
\@lastruleclass=\count287
\@thisrulewidth=\dimen166
) (/usr/local/texlive/2021/texmf-dist/tex/latex/tools/array.sty
Package: array 2020/10/01 v2.5c Tabular extension package (FMi)
\col@sep=\dimen167
\ar@mcellbox=\box55
\extrarowheight=\dimen168
\NC@list=\toks25
\extratabsurround=\skip72
\backup@length=\skip73
\ar@cellbox=\box56
) (/usr/local/texlive/2021/texmf-dist/tex/latex/tools/calc.sty
Package: calc 2017/05/25 v4.3 Infix arithmetic (KKT,FJ)
\calc@Acount=\count288
\calc@Bcount=\count289
\calc@Adimen=\dimen169
\calc@Bdimen=\dimen170
\calc@Askip=\skip74
\calc@Bskip=\skip75
LaTeX Info: Redefining \setlength on input line 80.
LaTeX Info: Redefining \addtolength on input line 81.
\calc@Ccount=\count290
\calc@Cskip=\skip76
) (/usr/local/texlive/2021/texmf-dist/tex/latex/etoolbox/etoolbox.sty
Package: etoolbox 2020/10/05 v2.5k e-TeX tools for LaTeX (JAW)
\etb@tempcnta=\count291
) (/usr/local/texlive/2021/texmf-dist/tex/latex/footnotehyper/footnotehyper.sty
Package: footnotehyper 2021/02/04 v1.1d hyperref aware footnote.sty (JFB)
\FNH@notes=\box57
\FNH@width=\dimen171
\FNH@toks=\toks26
) (/usr/local/texlive/2021/texmf-dist/tex/latex/graphics/graphicx.sty
Package: graphicx 2020/09/09 v1.2b Enhanced LaTeX Graphics (DPC,SPQR)
 (/usr/local/texlive/2021/texmf-dist/tex/latex/graphics/graphics.sty
Package: graphics 2020/08/30 v1.4c Standard LaTeX Graphics (DPC,SPQR)
 (/usr/local/texlive/2021/texmf-dist/tex/latex/graphics/trig.sty
Package: trig 2016/01/03 v1.10 sin cos tan (DPC)
) (/usr/local/texlive/2021/texmf-dist/tex/latex/graphics-cfg/graphics.cfg
File: graphics.cfg 2016/06/04 v1.11 sample graphics configuration
)
Package graphics Info: Driver file: pdftex.def on input line 105.
)
\Gin@req@height=\dimen172
\Gin@req@width=\dimen173
) (/usr/local/texlive/2021/texmf-dist/tex/latex/caption/caption.sty
Package: caption 2020/10/26 v3.5g Customizing captions (AR)
 (/usr/local/texlive/2021/texmf-dist/tex/latex/caption/caption3.sty
Package: caption3 2020/10/21 v2.2e caption3 kernel (AR)
\captionmargin=\dimen174
\captionmargin@=\dimen175
\captionwidth=\dimen176
\caption@tempdima=\dimen177
\caption@indent=\dimen178
\caption@parindent=\dimen179
\caption@hangindent=\dimen180
Package caption Info: KOMA-Script document class detected.
 (/usr/local/texlive/2021/texmf-dist/tex/latex/caption/caption-koma.sto
File: caption-koma.sto 2020/09/21 v2.0b Adaption of the caption package to the KOMA-Script document classes (AR)
))
\c@caption@flags=\count292
\c@continuedfloat=\count293
Package caption Info: hyperref package is loaded.
Package caption Info: longtable package is loaded.
 (/usr/local/texlive/2021/texmf-dist/tex/latex/caption/ltcaption.sty
Package: ltcaption 2020/05/30 v1.4b longtable captions (AR)
)) (/usr/local/texlive/2021/texmf-dist/tex/latex/float/float.sty
Package: float 2001/11/08 v1.3d Float enhancements (AL)
\c@float@type=\count294
\float@exts=\toks27
\float@box=\box58
\@float@everytoks=\toks28
\@floatcapt=\box59
)
\@float@every@codelisting=\toks29
\c@codelisting=\count295
 (/usr/local/texlive/2021/texmf-dist/tex/latex/caption/subcaption.sty
Package: subcaption 2020/10/07 v1.3j Sub-captions (AR)
\c@subfigure=\count296
\c@subtable=\count297
) (/usr/local/texlive/2021/texmf-dist/tex/latex/l3backend/l3backend-pdftex.def
File: l3backend-pdftex.def 2021-03-18 L3 backend support: PDF output (pdfTeX)
\l__color_backend_stack_int=\count298
\l__pdf_internal_box=\box60
) (/Users/patrickaltmeyer/Documents/code/CounterfactualExplanations.jl/paper/_paper.aux)
\openout1 = `_paper.aux'.

LaTeX Font Info:    Checking defaults for OML/cmm/m/it on input line 107.
LaTeX Font Info:    ... okay on input line 107.
LaTeX Font Info:    Checking defaults for OMS/cmsy/m/n on input line 107.
LaTeX Font Info:    ... okay on input line 107.
LaTeX Font Info:    Checking defaults for OT1/cmr/m/n on input line 107.
LaTeX Font Info:    ... okay on input line 107.
LaTeX Font Info:    Checking defaults for T1/cmr/m/n on input line 107.
LaTeX Font Info:    ... okay on input line 107.
LaTeX Font Info:    Checking defaults for TS1/cmr/m/n on input line 107.
LaTeX Font Info:    ... okay on input line 107.
LaTeX Font Info:    Checking defaults for OMX/cmex/m/n on input line 107.
LaTeX Font Info:    ... okay on input line 107.
LaTeX Font Info:    Checking defaults for U/cmr/m/n on input line 107.
LaTeX Font Info:    ... okay on input line 107.
LaTeX Font Info:    Checking defaults for PD1/pdf/m/n on input line 107.
LaTeX Font Info:    ... okay on input line 107.
LaTeX Font Info:    Checking defaults for PU/pdf/m/n on input line 107.
LaTeX Font Info:    ... okay on input line 107.
Package scrbase Info: activating english \contentsname on input line 107.
Package scrbase Info: activating english \listfigurename on input line 107.
Package scrbase Info: activating english \listtablename on input line 107.
LaTeX Info: Redefining \microtypecontext on input line 107.
Package microtype Info: Generating PDF output.
Package microtype Info: Character protrusion enabled (level 2).
Package microtype Info: Using protrusion set `basicmath'.
Package microtype Info: Automatic font expansion enabled (level 2),
(microtype)             stretch: 20, shrink: 20, step: 1, non-selected.
Package microtype Info: Using default expansion set `alltext-nott'.
LaTeX Info: Redefining \showhyphens on input line 107.
Package microtype Info: No adjustment of tracking.
Package microtype Info: No adjustment of interword spacing.
Package microtype Info: No adjustment of character kerning.
 (/usr/local/texlive/2021/texmf-dist/tex/latex/microtype/mt-cmr.cfg
File: mt-cmr.cfg 2013/05/19 v2.2 microtype config. file: Computer Modern Roman (RS)
) (/usr/local/texlive/2021/texmf-dist/tex/context/base/mkii/supp-pdf.mkii
[Loading MPS to PDF converter (version 2006.09.02).]
\scratchcounter=\count299
\scratchdimen=\dimen181
\scratchbox=\box61
\nofMPsegments=\count300
\nofMParguments=\count301
\everyMPshowfont=\toks30
\MPscratchCnt=\count302
\MPscratchDim=\dimen182
\MPnumerator=\count303
\makeMPintoPDFobject=\count304
\everyMPtoPDFconversion=\toks31
) (/usr/local/texlive/2021/texmf-dist/tex/latex/epstopdf-pkg/epstopdf-base.sty
Package: epstopdf-base 2020-01-24 v2.11 Base part for package epstopdf
Package epstopdf-base Info: Redefining graphics rule for `.eps' on input line 485.
 (/usr/local/texlive/2021/texmf-dist/tex/latex/latexconfig/epstopdf-sys.cfg
File: epstopdf-sys.cfg 2010/07/13 v1.3 Configuration of (r)epstopdf for TeX Live
))
Package hyperref Info: Link coloring ON on input line 107.
 (/usr/local/texlive/2021/texmf-dist/tex/latex/hyperref/nameref.sty
Package: nameref 2021-04-02 v2.47 Cross-referencing by name of section
 (/usr/local/texlive/2021/texmf-dist/tex/latex/refcount/refcount.sty
Package: refcount 2019/12/15 v3.6 Data extraction from label references (HO)
) (/usr/local/texlive/2021/texmf-dist/tex/generic/gettitlestring/gettitlestring.sty
Package: gettitlestring 2019/12/15 v1.6 Cleanup title references (HO)
)
\c@section@level=\count305
)
LaTeX Info: Redefining \ref on input line 107.
LaTeX Info: Redefining \pageref on input line 107.
LaTeX Info: Redefining \nameref on input line 107.
Package caption Info: Begin \AtBeginDocument code.
Package caption Info: float package is loaded.
Package caption Info: End \AtBeginDocument code.
LaTeX Font Info:    Trying to load font information for T1+lmss on input line 110.
 (/usr/local/texlive/2021/texmf-dist/tex/latex/lm/t1lmss.fd
File: t1lmss.fd 2015/05/01 v1.6.1 Font defs for Latin Modern
)
Package microtype Info: Loading generic protrusion settings for font family
(microtype)             `lmss' (encoding: T1).
(microtype)             For optimal results, create family-specific settings.
(microtype)             See the microtype manual for details.


LaTeX Warning: Citation `goodfellow2014explaining' on page 1 undefined on input line 125.


LaTeX Warning: Citation `buolamwini2018gender' on page 1 undefined on input line 126.


LaTeX Warning: Citation `sturm2014simple' on page 1 undefined on input line 128.


LaTeX Warning: Citation `borch2022machine' on page 1 undefined on input line 141.


LaTeX Warning: Citation `oecd2021artificial' on page 1 undefined on input line 167.


LaTeX Warning: Citation `hansen2020virtue' on page 1 undefined on input line 167.

[1

{/usr/local/texlive/2021/texmf-var/fonts/map/pdftex/updmap/pdftex.map}]
LaTeX Font Info:    Trying to load font information for T1+lmtt on input line 185.
 (/usr/local/texlive/2021/texmf-dist/tex/latex/lm/t1lmtt.fd
File: t1lmtt.fd 2015/05/01 v1.6.1 Font defs for Latin Modern
)

LaTeX Warning: Reference `sec-related' on page 2 undefined on input line 191.


LaTeX Warning: Reference `sec-method' on page 2 undefined on input line 192.


LaTeX Warning: Reference `sec-use' on page 2 undefined on input line 193.


LaTeX Warning: Reference `sec-emp' on page 2 undefined on input line 194.


LaTeX Warning: Reference `sec-conclude' on page 2 undefined on input line 195.


LaTeX Warning: Citation `arrieta2020explainable' on page 2 undefined on input line 209.


LaTeX Warning: Citation `fan2020interpretability' on page 2 undefined on input line 210.


LaTeX Warning: Citation `karimi2020survey' on page 2 undefined on input line 211.


LaTeX Warning: Citation `verma2020counterfactual' on page 2 undefined on input line 212.

LaTeX Font Info:    Trying to load font information for OT1+lmr on input line 213.
(/usr/local/texlive/2021/texmf-dist/tex/latex/lm/ot1lmr.fd
File: ot1lmr.fd 2015/05/01 v1.6.1 Font defs for Latin Modern
)
LaTeX Font Info:    Trying to load font information for OML+lmm on input line 213.
 (/usr/local/texlive/2021/texmf-dist/tex/latex/lm/omllmm.fd
File: omllmm.fd 2015/05/01 v1.6.1 Font defs for Latin Modern
)
LaTeX Font Info:    Trying to load font information for OMS+lmsy on input line 213.
 (/usr/local/texlive/2021/texmf-dist/tex/latex/lm/omslmsy.fd
File: omslmsy.fd 2015/05/01 v1.6.1 Font defs for Latin Modern
)
LaTeX Font Info:    Trying to load font information for OMX+lmex on input line 213.
 (/usr/local/texlive/2021/texmf-dist/tex/latex/lm/omxlmex.fd
File: omxlmex.fd 2015/05/01 v1.6.1 Font defs for Latin Modern
)
LaTeX Font Info:    External font `lmex10' loaded for size
(Font)              <10.95> on input line 213.
LaTeX Font Info:    External font `lmex10' loaded for size
(Font)              <8> on input line 213.
LaTeX Font Info:    External font `lmex10' loaded for size
(Font)              <6> on input line 213.
LaTeX Font Info:    Trying to load font information for U+msa on input line 213.
 (/usr/local/texlive/2021/texmf-dist/tex/latex/amsfonts/umsa.fd
File: umsa.fd 2013/01/14 v3.01 AMS symbols A
) (/usr/local/texlive/2021/texmf-dist/tex/latex/microtype/mt-msa.cfg
File: mt-msa.cfg 2006/02/04 v1.1 microtype config. file: AMS symbols (a) (RS)
)
LaTeX Font Info:    Trying to load font information for U+msb on input line 213.
 (/usr/local/texlive/2021/texmf-dist/tex/latex/amsfonts/umsb.fd
File: umsb.fd 2013/01/14 v3.01 AMS symbols B
) (/usr/local/texlive/2021/texmf-dist/tex/latex/microtype/mt-msb.cfg
File: mt-msb.cfg 2005/06/01 v1.0 microtype config. file: AMS symbols (b) (RS)
)
LaTeX Font Info:    External font `lmex10' loaded for size
(Font)              <9> on input line 215.
LaTeX Font Info:    External font `lmex10' loaded for size
(Font)              <5> on input line 215.


LaTeX Warning: Citation `molnar2020interpretable' on page 2 undefined on input line 215.


LaTeX Warning: Citation `varshney2022trustworthy' on page 2 undefined on input line 215.


LaTeX Warning: Citation `miller2019explanation' on page 2 undefined on input line 216.


LaTeX Warning: Citation `rudin2019stop' on page 2 undefined on input line 222.


LaTeX Warning: Citation `rudin2019stop' on page 2 undefined on input line 229.


LaTeX Warning: Citation `molnar2020interpretable' on page 2 undefined on input line 238.

[2]

LaTeX Warning: Citation `kaur2020interpreting' on page 3 undefined on input line 267.


LaTeX Warning: Citation `slack2020fooling' on page 3 undefined on input line 271.


LaTeX Warning: Citation `slack2021counterfactual' on page 3 undefined on input line 274.


LaTeX Warning: Reference `sec-method' on page 3 undefined on input line 281.


LaTeX Warning: Citation `pawelczyk2021carla' on page 3 undefined on input line 292.


LaTeX Warning: Citation `schut2021generating' on page 3 undefined on input line 298.


LaTeX Warning: Citation `mothilal2020explaining' on page 3 undefined on input line 304.

[3]

LaTeX Warning: Citation `molnar2020interpretable' on page 4 undefined on input line 340.


LaTeX Warning: Citation `molnar2020interpretable' on page 4 undefined on input line 348.


LaTeX Warning: Citation `wachter2017counterfactual' on page 4 undefined on input line 354.


LaTeX Warning: Reference `eq-obj' on page 4 undefined on input line 362.

[4]

LaTeX Warning: Reference `eq-solution' on page 5 undefined on input line 373.


LaTeX Warning: Citation `verma2020counterfactual' on page 5 undefined on input line 390.


LaTeX Warning: Citation `karimi2020survey' on page 5 undefined on input line 391.


LaTeX Warning: Citation `wachter2017counterfactual' on page 5 undefined on input line 393.


LaTeX Warning: Citation `wachter2017counterfactual' on page 5 undefined on input line 400.


LaTeX Warning: Citation `ustun2019actionable' on page 5 undefined on input line 402.


LaTeX Warning: Citation `poyiadzi2020face' on page 5 undefined on input line 402.


LaTeX Warning: Citation `joshi2019towards' on page 5 undefined on input line 404.


LaTeX Warning: Citation `schut2021generating' on page 5 undefined on input line 405.


LaTeX Warning: Citation `schut2021generating' on page 5 undefined on input line 407.


LaTeX Warning: Citation `schut2021generating' on page 5 undefined on input line 409.


LaTeX Warning: Citation `upadhyay2021towards' on page 5 undefined on input line 411.


LaTeX Warning: Citation `mothilal2020explaining' on page 5 undefined on input line 413.


LaTeX Warning: Citation `karimi2020algorithmic' on page 5 undefined on input line 416.


LaTeX Warning: Citation `karimi2021algorithmic' on page 5 undefined on input line 416.


LaTeX Warning: Citation `schut2021generating' on page 5 undefined on input line 423.


LaTeX Warning: Reference `eq-solution' on page 5 undefined on input line 436.


LaTeX Warning: Reference `eq-solution' on page 5 undefined on input line 442.

[5]

LaTeX Warning: Citation `schut2021generating' on page 6 undefined on input line 450.


LaTeX Warning: Citation `schut2021generating' on page 6 undefined on input line 455.


LaTeX Warning: Citation `wachter2017counterfactual' on page 6 undefined on input line 459.


LaTeX Warning: Citation `mothilal2020explaining' on page 6 undefined on input line 462.


LaTeX Warning: Citation `upadhyay2021towards' on page 6 undefined on input line 462.


LaTeX Warning: Citation `karimi2020algorithmic' on page 6 undefined on input line 464.


LaTeX Warning: Citation `karimi2021algorithmic' on page 6 undefined on input line 464.


LaTeX Warning: Citation `schut2021generating' on page 6 undefined on input line 465.


LaTeX Warning: Citation `schut2021generating' on page 6 undefined on input line 466.


LaTeX Warning: Citation `gal2016dropout' on page 6 undefined on input line 472.


LaTeX Warning: Citation `lakshminarayanan2016simple' on page 6 undefined on input line 473.


LaTeX Warning: Citation `daxberger2021laplace' on page 6 undefined on input line 473.


LaTeX Warning: Citation `murphy2022probabilistic' on page 6 undefined on input line 474.


LaTeX Warning: Reference `fig-models' on page 6 undefined on input line 489.


LaTeX Warning: Reference `fig-generators' on page 6 undefined on input line 491.


LaTeX Warning: Reference `sec-method' on page 6 undefined on input line 492.


LaTeX Warning: Reference `eq-solution' on page 6 undefined on input line 494.


LaTeX Warning: Reference `eq-solution-bayes' on page 6 undefined on input line 495.

<www/models.png, id=91, 501.875pt x 376.40625pt>
File: www/models.png Graphic file (type png)
<use www/models.png>
Package pdftex.def Info: www/models.png  used on input line 500.
(pdftex.def)             Requested size: 240.9049pt x 180.67868pt.
<www/generators.png, id=92, 501.875pt x 376.40625pt>
File: www/generators.png Graphic file (type png)
<use www/generators.png>
Package pdftex.def Info: www/generators.png  used on input line 511.
(pdftex.def)             Requested size: 240.9049pt x 180.67868pt.

LaTeX Warning: Reference `sec-method' on page 6 undefined on input line 524.


LaTeX Warning: Reference `fig-binary' on page 6 undefined on input line 527.

[6] [7 </Users/patrickaltmeyer/Documents/code/CounterfactualExplanations.jl/paper/www/models.png> </Users/patrickaltmeyer/Documents/code/CounterfactualExplanations.jl/paper/www/generators.png>]

/Users/patrickaltmeyer/Documents/code/CounterfactualExplanations.jl/paper/_paper.tex:568: LaTeX Error: Environment lstlisting undefined.

See the LaTeX manual or LaTeX Companion for explanation.
Type  H <return>  for immediate help.
 ...                                              
                                                  
l.568 \begin{lstlisting}
                        [language=Julia, escapechar=@]
Your command was ignored.
Type  I <command> <return>  to replace it with another command,
or  <return>  to continue without it.

/Users/patrickaltmeyer/Documents/code/CounterfactualExplanations.jl/paper/_paper.tex:569: You can't use `macro parameter character #' in horizontal mode.
l.569 #
        Data:
Sorry, but I'm not programmed to handle this case;
I'll just pretend that you didn't ask for it.
If you're in the wrong mode, you might be able to
return to the right one by typing `I}' or `I$' or `I\par'.

/Users/patrickaltmeyer/Documents/code/CounterfactualExplanations.jl/paper/_paper.tex:572: You can't use `macro parameter character #' in horizontal mode.
l.572 N = 100 #
                number of data points
Sorry, but I'm not programmed to handle this case;
I'll just pretend that you didn't ask for it.
If you're in the wrong mode, you might be able to
return to the right one by typing `I}' or `I$' or `I\par'.

/Users/patrickaltmeyer/Documents/code/CounterfactualExplanations.jl/paper/_paper.tex:574: Missing $ inserted.
<inserted text> 
                $
l.574 xs, ys = Data.toy_
                        data_linear(N)
I've inserted a begin-math/end-math symbol since I think
you left one out. Proceed, with fingers crossed.

/Users/patrickaltmeyer/Documents/code/CounterfactualExplanations.jl/paper/_paper.tex:577: Missing $ inserted.
<inserted text> 
                $
l.577 
      
I've inserted a begin-math/end-math symbol since I think
you left one out. Proceed, with fingers crossed.

/Users/patrickaltmeyer/Documents/code/CounterfactualExplanations.jl/paper/_paper.tex:578: You can't use `macro parameter character #' in vertical mode.
l.578 #
        Model:
Sorry, but I'm not programmed to handle this case;
I'll just pretend that you didn't ask for it.
If you're in the wrong mode, you might be able to
return to the right one by typing `I}' or `I$' or `I\par'.

/Users/patrickaltmeyer/Documents/code/CounterfactualExplanations.jl/paper/_paper.tex:580: You can't use `macro parameter character #' in horizontal mode.
l.580 w = [1.0 1.0]#
                     true coefficients
Sorry, but I'm not programmed to handle this case;
I'll just pretend that you didn't ask for it.
If you're in the wrong mode, you might be able to
return to the right one by typing `I}' or `I$' or `I\par'.

/Users/patrickaltmeyer/Documents/code/CounterfactualExplanations.jl/paper/_paper.tex:584: You can't use `macro parameter character #' in vertical mode.
l.584 #
        Setup:
Sorry, but I'm not programmed to handle this case;
I'll just pretend that you didn't ask for it.
If you're in the wrong mode, you might be able to
return to the right one by typing `I}' or `I$' or `I\par'.

/Users/patrickaltmeyer/Documents/code/CounterfactualExplanations.jl/paper/_paper.tex:585: Missing $ inserted.
<inserted text> 
                $
l.585 x = select_
                 factual(
I've inserted a begin-math/end-math symbol since I think
you left one out. Proceed, with fingers crossed.

/Users/patrickaltmeyer/Documents/code/CounterfactualExplanations.jl/paper/_paper.tex:589: Missing $ inserted.
<inserted text> 
                $
l.589 
      
I've inserted a begin-math/end-math symbol since I think
you left one out. Proceed, with fingers crossed.


Overfull \hbox (37.9892pt too wide) in paragraph at lines 584--589
[]\T1/lmr/m/n/10.95 (-20) Setup: x = select$[]\OML/lmm/m/it/10.95 actual\OT1/lmr/m/n/10.95 (-20) (\OML/lmm/m/it/10.95 counterfactual[]ata; rand\OT1/lmr/m/n/10.95 (-20) (1 : \OML/lmm/m/it/10.95 length\OT1/lmr/m/n/10.95 (-20) (\OML/lmm/m/it/10.95 xs\OT1/lmr/m/n/10.95 (-20) )))\OML/lmm/m/it/10.95 y \OT1/lmr/m/n/10.95 (-20) = \OML/lmm/m/it/10.95 round\OT1/lmr/m/n/10.95 (-20) (\OML/lmm/m/it/10.95 probs\OT1/lmr/m/n/10.95 (-20) (\OML/lmm/m/it/10.95 M; x\OT1/lmr/m/n/10.95 (-20) )[1])\OML/lmm/m/it/10.95 target \OT1/lmr/m/n/10.95 (-20) =
 []

/Users/patrickaltmeyer/Documents/code/CounterfactualExplanations.jl/paper/_paper.tex:590: You can't use `macro parameter character #' in vertical mode.
l.590 #
        Counterfactual search:
Sorry, but I'm not programmed to handle this case;
I'll just pretend that you didn't ask for it.
If you're in the wrong mode, you might be able to
return to the right one by typing `I}' or `I$' or `I\par'.

/Users/patrickaltmeyer/Documents/code/CounterfactualExplanations.jl/paper/_paper.tex:592: Missing $ inserted.
<inserted text> 
                $
l.592 counterfactual = generate_
                                counterfactual(
I've inserted a begin-math/end-math symbol since I think
you left one out. Proceed, with fingers crossed.


/Users/patrickaltmeyer/Documents/code/CounterfactualExplanations.jl/paper/_paper.tex:594: LaTeX Error: \begin{document} ended by \end{lstlisting}.

See the LaTeX manual or LaTeX Companion for explanation.
Type  H <return>  for immediate help.
 ...                                              
                                                  
l.594 \end{lstlisting}
                      
Your command was ignored.
Type  I <command> <return>  to replace it with another command,
or  <return>  to continue without it.

/Users/patrickaltmeyer/Documents/code/CounterfactualExplanations.jl/paper/_paper.tex:594: Missing $ inserted.
<inserted text> 
                $
l.594 \end{lstlisting}
                      
I've inserted something that you may have forgotten.
(See the <inserted text> above.)
With luck, this will get me unwedged. But if you
really didn't forget anything, try typing `2' now; then
my insertion and my current dilemma will both disappear.


Overfull \hbox (231.99173pt too wide) in paragraph at lines 590--595
[]\T1/lmr/m/n/10.95 (-20) Counterfactual search: gen-er-a-tor = Gener-ic-Gen-er-a-tor() coun-ter-fac-tual = generate$[]\OML/lmm/m/it/10.95 ounterfactual\OT1/lmr/m/n/10.95 (-20) (\OML/lmm/m/it/10.95 x; target; counterfactual[]ata; M; generator\OT1/lmr/m/n/10.95 (-20) )$ 
 []

<www/ce_binary.png, id=113, 501.875pt x 376.40625pt>
File: www/ce_binary.png Graphic file (type png)
<use www/ce_binary.png>
Package pdftex.def Info: www/ce_binary.png  used on input line 598.
(pdftex.def)             Requested size: 240.9049pt x 180.67868pt.
[8]

LaTeX Warning: Reference `fig-binary' on page 9 undefined on input line 610.


LaTeX Warning: Reference `fig-binary-wrong' on page 9 undefined on input line 619.

<www/binary_wrong.png, id=121, 501.875pt x 376.40625pt>
File: www/binary_wrong.png Graphic file (type png)
<use www/binary_wrong.png>
Package pdftex.def Info: www/binary_wrong.png  used on input line 628.
(pdftex.def)             Requested size: 240.9049pt x 180.67868pt.

LaTeX Warning: Citation `schut2021generating' on page 9 undefined on input line 640.


LaTeX Warning: Reference `sec-method' on page 9 undefined on input line 641.


LaTeX Warning: Reference `fig-binary-laplace' on page 9 undefined on input line 644.


LaTeX Warning: Citation `murphy2022probabilistic' on page 9 undefined on input line 654.


LaTeX Warning: Reference `fig-binary-laplace' on page 9 undefined on input line 667.

[9 </Users/patrickaltmeyer/Documents/code/CounterfactualExplanations.jl/paper/www/ce_binary.png>]

LaTeX Warning: Citation `schut2021generating' on page 10 undefined on input line 670.


LaTeX Warning: Reference `eq-solution-bayes' on page 10 undefined on input line 672.


/Users/patrickaltmeyer/Documents/code/CounterfactualExplanations.jl/paper/_paper.tex:685: LaTeX Error: Environment lstlisting undefined.

See the LaTeX manual or LaTeX Companion for explanation.
Type  H <return>  for immediate help.
 ...                                              
                                                  
l.685 \begin{lstlisting}
                        [language=Julia, escapechar=@]
Your command was ignored.
Type  I <command> <return>  to replace it with another command,
or  <return>  to continue without it.

/Users/patrickaltmeyer/Documents/code/CounterfactualExplanations.jl/paper/_paper.tex:686: You can't use `macro parameter character #' in horizontal mode.
l.686 #
        Model:
Sorry, but I'm not programmed to handle this case;
I'll just pretend that you didn't ask for it.
If you're in the wrong mode, you might be able to
return to the right one by typing `I}' or `I$' or `I\par'.

/Users/patrickaltmeyer/Documents/code/CounterfactualExplanations.jl/paper/_paper.tex:694: You can't use `macro parameter character #' in vertical mode.
l.694 #
        Counterfactual search:
Sorry, but I'm not programmed to handle this case;
I'll just pretend that you didn't ask for it.
If you're in the wrong mode, you might be able to
return to the right one by typing `I}' or `I$' or `I\par'.

/Users/patrickaltmeyer/Documents/code/CounterfactualExplanations.jl/paper/_paper.tex:696: Missing $ inserted.
<inserted text> 
                $
l.696 counterfactual = generate_
                                counterfactual(
I've inserted a begin-math/end-math symbol since I think
you left one out. Proceed, with fingers crossed.


/Users/patrickaltmeyer/Documents/code/CounterfactualExplanations.jl/paper/_paper.tex:698: LaTeX Error: \begin{document} ended by \end{lstlisting}.

See the LaTeX manual or LaTeX Companion for explanation.
Type  H <return>  for immediate help.
 ...                                              
                                                  
l.698 \end{lstlisting}
                      
Your command was ignored.
Type  I <command> <return>  to replace it with another command,
or  <return>  to continue without it.

/Users/patrickaltmeyer/Documents/code/CounterfactualExplanations.jl/paper/_paper.tex:698: Missing $ inserted.
<inserted text> 
                $
l.698 \end{lstlisting}
                      
I've inserted something that you may have forgotten.
(See the <inserted text> above.)
With luck, this will get me unwedged. But if you
really didn't forget anything, try typing `2' now; then
my insertion and my current dilemma will both disappear.

[10 </Users/patrickaltmeyer/Documents/code/CounterfactualExplanations.jl/paper/www/binary_wrong.png>]

LaTeX Warning: Reference `fig-binary-laplace' on page 11 undefined on input line 700.


LaTeX Warning: Reference `fig-binary-wrong' on page 11 undefined on input line 702.

<www/ce_binary_laplace.png, id=138, 501.875pt x 376.40625pt>
File: www/ce_binary_laplace.png Graphic file (type png)
<use www/ce_binary_laplace.png>
Package pdftex.def Info: www/ce_binary_laplace.png  used on input line 708.
(pdftex.def)             Requested size: 240.9049pt x 180.67868pt.

LaTeX Warning: Reference `sec-start' on page 11 undefined on input line 730.


/Users/patrickaltmeyer/Documents/code/CounterfactualExplanations.jl/paper/_paper.tex:732: LaTeX Error: Environment unnumlist undefined.

See the LaTeX manual or LaTeX Companion for explanation.
Type  H <return>  for immediate help.
 ...                                              
                                                  
l.732 \begin{unnumlist}
                       
Your command was ignored.
Type  I <command> <return>  to replace it with another command,
or  <return>  to continue without it.


/Users/patrickaltmeyer/Documents/code/CounterfactualExplanations.jl/paper/_paper.tex:733: LaTeX Error: Lonely \item--perhaps a missing list environment.

See the LaTeX manual or LaTeX Companion for explanation.
Type  H <return>  for immediate help.
 ...                                              
                                                  
l.733 \item \textbf
                   {Subtyping}: the model needs to be declared as a subtype ...
Try typing  <return>  to proceed.
If that doesn't work, type  X <return>  to quit.


Underfull \hbox (badness 10000) detected at line 733
[][]
 []


/Users/patrickaltmeyer/Documents/code/CounterfactualExplanations.jl/paper/_paper.tex:734: LaTeX Error: Lonely \item--perhaps a missing list environment.

See the LaTeX manual or LaTeX Companion for explanation.
Type  H <return>  for immediate help.
 ...                                              
                                                  
l.734 \item \textbf
                   {Multiple dispatch}: the functions \texttt{logits} and \t...
Try typing  <return>  to proceed.
If that doesn't work, type  X <return>  to quit.


Underfull \hbox (badness 10000) detected at line 734
[][]
 []


/Users/patrickaltmeyer/Documents/code/CounterfactualExplanations.jl/paper/_paper.tex:735: LaTeX Error: \begin{document} ended by \end{unnumlist}.

See the LaTeX manual or LaTeX Companion for explanation.
Type  H <return>  for immediate help.
 ...                                              
                                                  
l.735 \end{unnumlist}
                     
Your command was ignored.
Type  I <command> <return>  to replace it with another command,
or  <return>  to continue without it.


LaTeX Warning: Citation `innes2018flux' on page 11 undefined on input line 742.

[11 </Users/patrickaltmeyer/Documents/code/CounterfactualExplanations.jl/paper/www/ce_binary_laplace.png>]

/Users/patrickaltmeyer/Documents/code/CounterfactualExplanations.jl/paper/_paper.tex:748: LaTeX Error: Environment lstlisting undefined.

See the LaTeX manual or LaTeX Companion for explanation.
Type  H <return>  for immediate help.
 ...                                              
                                                  
l.748 \begin{lstlisting}
                        [language=Julia, escapechar=@]
Your command was ignored.
Type  I <command> <return>  to replace it with another command,
or  <return>  to continue without it.

/Users/patrickaltmeyer/Documents/code/CounterfactualExplanations.jl/paper/_paper.tex:749: Missing $ inserted.
<inserted text> 
                $
l.749 n_
        hidden = 32
I've inserted a begin-math/end-math symbol since I think
you left one out. Proceed, with fingers crossed.


/Users/patrickaltmeyer/Documents/code/CounterfactualExplanations.jl/paper/_paper.tex:757: LaTeX Error: \begin{document} ended by \end{lstlisting}.

See the LaTeX manual or LaTeX Companion for explanation.
Type  H <return>  for immediate help.
 ...                                              
                                                  
l.757 \end{lstlisting}
                      
Your command was ignored.
Type  I <command> <return>  to replace it with another command,
or  <return>  to continue without it.

/Users/patrickaltmeyer/Documents/code/CounterfactualExplanations.jl/paper/_paper.tex:757: Missing $ inserted.
<inserted text> 
                $
l.757 \end{lstlisting}
                      
I've inserted something that you may have forgotten.
(See the <inserted text> above.)
With luck, this will get me unwedged. But if you
really didn't forget anything, try typing `2' now; then
my insertion and my current dilemma will both disappear.


Overfull \hbox (38.51707pt too wide) in paragraph at lines 748--758
\OT1/lmr/m/n/10.95 (-20) 2\OML/lmm/m/it/10.95 model \OT1/lmr/m/n/10.95 (-20) = \OML/lmm/m/it/10.95 Chain\OT1/lmr/m/n/10.95 (-20) (\OML/lmm/m/it/10.95 Dense\OT1/lmr/m/n/10.95 (-20) (\OML/lmm/m/it/10.95 input[]im; n[]idden; activation\OT1/lmr/m/n/10.95 (-20) )\OML/lmm/m/it/10.95 ; Dropout\OT1/lmr/m/n/10.95 (-20) (0\OML/lmm/m/it/10.95 :\OT1/lmr/m/n/10.95 (-20) 1)\OML/lmm/m/it/10.95 ; Dense\OT1/lmr/m/n/10.95 (-20) (\OML/lmm/m/it/10.95 n[]idden; output[]im\OT1/lmr/m/n/10.95 (-20) ))$ 
 []


/Users/patrickaltmeyer/Documents/code/CounterfactualExplanations.jl/paper/_paper.tex:765: LaTeX Error: Environment lstlisting undefined.

See the LaTeX manual or LaTeX Companion for explanation.
Type  H <return>  for immediate help.
 ...                                              
                                                  
l.765 \begin{lstlisting}
                        [language=Julia, escapechar=@]
Your command was ignored.
Type  I <command> <return>  to replace it with another command,
or  <return>  to continue without it.

/Users/patrickaltmeyer/Documents/code/CounterfactualExplanations.jl/paper/_paper.tex:766: You can't use `macro parameter character #' in horizontal mode.
l.766 #
        Step 1)
Sorry, but I'm not programmed to handle this case;
I'll just pretend that you didn't ask for it.
If you're in the wrong mode, you might be able to
return to the right one by typing `I}' or `I$' or `I\par'.

/Users/patrickaltmeyer/Documents/code/CounterfactualExplanations.jl/paper/_paper.tex:771: You can't use `macro parameter character #' in vertical mode.
l.771 #
        Step 2)
Sorry, but I'm not programmed to handle this case;
I'll just pretend that you didn't ask for it.
If you're in the wrong mode, you might be able to
return to the right one by typing `I}' or `I$' or `I\par'.

/Users/patrickaltmeyer/Documents/code/CounterfactualExplanations.jl/paper/_paper.tex:772: You can't use `macro parameter character #' in horizontal mode.
l.772 #
        import functions in order to extend
Sorry, but I'm not programmed to handle this case;
I'll just pretend that you didn't ask for it.
If you're in the wrong mode, you might be able to
return to the right one by typing `I}' or `I$' or `I\par'.


/Users/patrickaltmeyer/Documents/code/CounterfactualExplanations.jl/paper/_paper.tex:778: LaTeX Error: \begin{document} ended by \end{lstlisting}.

See the LaTeX manual or LaTeX Companion for explanation.
Type  H <return>  for immediate help.
 ...                                              
                                                  
l.778 \end{lstlisting}
                      
Your command was ignored.
Type  I <command> <return>  to replace it with another command,
or  <return>  to continue without it.


LaTeX Warning: Reference `fig-multi' on page 12 undefined on input line 785.


/Users/patrickaltmeyer/Documents/code/CounterfactualExplanations.jl/paper/_paper.tex:790: LaTeX Error: Environment lstlisting undefined.

See the LaTeX manual or LaTeX Companion for explanation.
Type  H <return>  for immediate help.
 ...                                              
                                                  
l.790 \begin{lstlisting}
                        [language=Julia, escapechar=@]
Your command was ignored.
Type  I <command> <return>  to replace it with another command,
or  <return>  to continue without it.

/Users/patrickaltmeyer/Documents/code/CounterfactualExplanations.jl/paper/_paper.tex:791: You can't use `macro parameter character #' in horizontal mode.
l.791 #
        Randomly selected factual:
Sorry, but I'm not programmed to handle this case;
I'll just pretend that you didn't ask for it.
If you're in the wrong mode, you might be able to
return to the right one by typing `I}' or `I$' or `I\par'.

/Users/patrickaltmeyer/Documents/code/CounterfactualExplanations.jl/paper/_paper.tex:794: Missing $ inserted.
<inserted text> 
                $
l.794 x = select_
                 factual(
I've inserted a begin-math/end-math symbol since I think
you left one out. Proceed, with fingers crossed.

/Users/patrickaltmeyer/Documents/code/CounterfactualExplanations.jl/paper/_paper.tex:799: Missing $ inserted.
<inserted text> 
                $
l.799 
      
I've inserted a begin-math/end-math symbol since I think
you left one out. Proceed, with fingers crossed.


Overfull \hbox (76.54082pt too wide) in paragraph at lines 790--799
\T1/lmr/m/n/10.95 (-20) = select$[]\OML/lmm/m/it/10.95 actual\OT1/lmr/m/n/10.95 (-20) (\OML/lmm/m/it/10.95 counterfactual[]ata; rand\OT1/lmr/m/n/10.95 (-20) (1 : \OML/lmm/m/it/10.95 length\OT1/lmr/m/n/10.95 (-20) (\OML/lmm/m/it/10.95 xs\OT1/lmr/m/n/10.95 (-20) )))\OML/lmm/m/it/10.95 y \OT1/lmr/m/n/10.95 (-20) = \OML/lmm/m/it/10.95 Flux:onecold\OT1/lmr/m/n/10.95 (-20) (\OML/lmm/m/it/10.95 probs\OT1/lmr/m/n/10.95 (-20) (\OML/lmm/m/it/10.95 M; x\OT1/lmr/m/n/10.95 (-20) )\OML/lmm/m/it/10.95 ; unique\OT1/lmr/m/n/10.95 (-20) (\OML/lmm/m/it/10.95 ys\OT1/lmr/m/n/10.95 (-20) ))\OML/lmm/m/it/10.95 target \OT1/lmr/m/n/10.95 (-20) =
 []

/Users/patrickaltmeyer/Documents/code/CounterfactualExplanations.jl/paper/_paper.tex:800: You can't use `macro parameter character #' in vertical mode.
l.800 #
        Counterfactual search:
Sorry, but I'm not programmed to handle this case;
I'll just pretend that you didn't ask for it.
If you're in the wrong mode, you might be able to
return to the right one by typing `I}' or `I$' or `I\par'.

/Users/patrickaltmeyer/Documents/code/CounterfactualExplanations.jl/paper/_paper.tex:803: Missing $ inserted.
<inserted text> 
                $
l.803 counterfactual = generate_
                                counterfactual(
I've inserted a begin-math/end-math symbol since I think
you left one out. Proceed, with fingers crossed.


/Users/patrickaltmeyer/Documents/code/CounterfactualExplanations.jl/paper/_paper.tex:805: LaTeX Error: \begin{document} ended by \end{lstlisting}.

See the LaTeX manual or LaTeX Companion for explanation.
Type  H <return>  for immediate help.
 ...                                              
                                                  
l.805 \end{lstlisting}
                      
Your command was ignored.
Type  I <command> <return>  to replace it with another command,
or  <return>  to continue without it.

/Users/patrickaltmeyer/Documents/code/CounterfactualExplanations.jl/paper/_paper.tex:805: Missing $ inserted.
<inserted text> 
                $
l.805 \end{lstlisting}
                      
I've inserted something that you may have forgotten.
(See the <inserted text> above.)
With luck, this will get me unwedged. But if you
really didn't forget anything, try typing `2' now; then
my insertion and my current dilemma will both disappear.

<www/ce_multi.png, id=150, 501.875pt x 376.40625pt>
File: www/ce_multi.png Graphic file (type png)
<use www/ce_multi.png>
Package pdftex.def Info: www/ce_multi.png  used on input line 809.
(pdftex.def)             Requested size: 240.9049pt x 180.67868pt.

LaTeX Warning: Citation `lakshminarayanan2016simple' on page 12 undefined on input line 820.


LaTeX Warning: Citation `gal2016dropout' on page 12 undefined on input line 821.


LaTeX Warning: Citation `daxberger2021laplace' on page 12 undefined on input line 823.


LaTeX Warning: Reference `fig-multi-ensemble' on page 12 undefined on input line 825.


/Users/patrickaltmeyer/Documents/code/CounterfactualExplanations.jl/paper/_paper.tex:828: LaTeX Error: Environment lstlisting undefined.

See the LaTeX manual or LaTeX Companion for explanation.
Type  H <return>  for immediate help.
 ...                                              
                                                  
l.828 \begin{lstlisting}
                        [language=Julia, escapechar=@]
Your command was ignored.
Type  I <command> <return>  to replace it with another command,
or  <return>  to continue without it.

/Users/patrickaltmeyer/Documents/code/CounterfactualExplanations.jl/paper/_paper.tex:829: You can't use `macro parameter character #' in horizontal mode.
l.829 #
        Model:
Sorry, but I'm not programmed to handle this case;
I'll just pretend that you didn't ask for it.
If you're in the wrong mode, you might be able to
return to the right one by typing `I}' or `I$' or `I\par'.

/Users/patrickaltmeyer/Documents/code/CounterfactualExplanations.jl/paper/_paper.tex:831: You can't use `macro parameter character #' in horizontal mode.
l.831 #
        Step 1)
Sorry, but I'm not programmed to handle this case;
I'll just pretend that you didn't ask for it.
If you're in the wrong mode, you might be able to
return to the right one by typing `I}' or `I$' or `I\par'.

/Users/patrickaltmeyer/Documents/code/CounterfactualExplanations.jl/paper/_paper.tex:835: You can't use `macro parameter character #' in horizontal mode.
l.835 #
        Step 2)
Sorry, but I'm not programmed to handle this case;
I'll just pretend that you didn't ask for it.
If you're in the wrong mode, you might be able to
return to the right one by typing `I}' or `I$' or `I\par'.

/Users/patrickaltmeyer/Documents/code/CounterfactualExplanations.jl/paper/_paper.tex:845: You can't use `macro parameter character #' in vertical mode.
l.845 #
        Counterfactual search:
Sorry, but I'm not programmed to handle this case;
I'll just pretend that you didn't ask for it.
If you're in the wrong mode, you might be able to
return to the right one by typing `I}' or `I$' or `I\par'.

/Users/patrickaltmeyer/Documents/code/CounterfactualExplanations.jl/paper/_paper.tex:848: Missing $ inserted.
<inserted text> 
                $
l.848 counterfactual = generate_
                                counterfactual(
I've inserted a begin-math/end-math symbol since I think
you left one out. Proceed, with fingers crossed.


/Users/patrickaltmeyer/Documents/code/CounterfactualExplanations.jl/paper/_paper.tex:850: LaTeX Error: \begin{document} ended by \end{lstlisting}.

See the LaTeX manual or LaTeX Companion for explanation.
Type  H <return>  for immediate help.
 ...                                              
                                                  
l.850 \end{lstlisting}
                      
Your command was ignored.
Type  I <command> <return>  to replace it with another command,
or  <return>  to continue without it.

/Users/patrickaltmeyer/Documents/code/CounterfactualExplanations.jl/paper/_paper.tex:850: Missing $ inserted.
<inserted text> 
                $
l.850 \end{lstlisting}
                      
I've inserted something that you may have forgotten.
(See the <inserted text> above.)
With luck, this will get me unwedged. But if you
really didn't forget anything, try typing `2' now; then
my insertion and my current dilemma will both disappear.


Overfull \hbox (29.89937pt too wide) in paragraph at lines 845--851
[]\T1/lmr/m/n/10.95 (-20) Counterfactual search: gen-er-a-tor = Greedy-Gen-er-a-tor(; loss=:logitbinarycrossentropy,@$\OML/lmm/m/it/10.95 ^^N$\T1/lmr/m/n/10.95 (-20) @=0.25,n=25)
 []

[12]
<www/ce_multi_ensemble.png, id=155, 501.875pt x 376.40625pt>
File: www/ce_multi_ensemble.png Graphic file (type png)
<use www/ce_multi_ensemble.png>
Package pdftex.def Info: www/ce_multi_ensemble.png  used on input line 864.
(pdftex.def)             Requested size: 240.9049pt x 180.67868pt.
 [13 </Users/patrickaltmeyer/Documents/code/CounterfactualExplanations.jl/paper/www/ce_multi.png> </Users/patrickaltmeyer/Documents/code/CounterfactualExplanations.jl/paper/www/ce_multi_ensemble.png>]

/Users/patrickaltmeyer/Documents/code/CounterfactualExplanations.jl/paper/_paper.tex:899: LaTeX Error: Environment lstlisting undefined.

See the LaTeX manual or LaTeX Companion for explanation.
Type  H <return>  for immediate help.
 ...                                              
                                                  
l.899 \begin{lstlisting}
                        [language=Julia, escapechar=@]
Your command was ignored.
Type  I <command> <return>  to replace it with another command,
or  <return>  to continue without it.

/Users/patrickaltmeyer/Documents/code/CounterfactualExplanations.jl/paper/_paper.tex:900: You can't use `macro parameter character #' in horizontal mode.
l.900 #
        Abstract suptype:
Sorry, but I'm not programmed to handle this case;
I'll just pretend that you didn't ask for it.
If you're in the wrong mode, you might be able to
return to the right one by typing `I}' or `I$' or `I\par'.

/Users/patrickaltmeyer/Documents/code/CounterfactualExplanations.jl/paper/_paper.tex:903: You can't use `macro parameter character #' in vertical mode.
l.903 #
        Constructor:
Sorry, but I'm not programmed to handle this case;
I'll just pretend that you didn't ask for it.
If you're in the wrong mode, you might be able to
return to the right one by typing `I}' or `I$' or `I\par'.

/Users/patrickaltmeyer/Documents/code/CounterfactualExplanations.jl/paper/_paper.tex:905: You can't use `macro parameter character #' in horizontal mode.
l.905     loss::Symbol #
                         loss function
Sorry, but I'm not programmed to handle this case;
I'll just pretend that you didn't ask for it.
If you're in the wrong mode, you might be able to
return to the right one by typing `I}' or `I$' or `I\par'.

/Users/patrickaltmeyer/Documents/code/CounterfactualExplanations.jl/paper/_paper.tex:906: You can't use `macro parameter character #' in horizontal mode.
l.906     complexity::Function #
                                 complexity function
Sorry, but I'm not programmed to handle this case;
I'll just pretend that you didn't ask for it.
If you're in the wrong mode, you might be able to
return to the right one by typing `I}' or `I$' or `I\par'.

/Users/patrickaltmeyer/Documents/code/CounterfactualExplanations.jl/paper/_paper.tex:908: You can't use `macro parameter character #' in horizontal mode.
l.908     @$\lambda$@::AbstractFloat #
                                       strength of penalty
Sorry, but I'm not programmed to handle this case;
I'll just pretend that you didn't ask for it.
If you're in the wrong mode, you might be able to
return to the right one by typing `I}' or `I$' or `I\par'.

/Users/patrickaltmeyer/Documents/code/CounterfactualExplanations.jl/paper/_paper.tex:909: You can't use `macro parameter character #' in horizontal mode.
l.909     @$\epsilon$@::AbstractFloat #
                                        step size
Sorry, but I'm not programmed to handle this case;
I'll just pretend that you didn't ask for it.
If you're in the wrong mode, you might be able to
return to the right one by typing `I}' or `I$' or `I\par'.

/Users/patrickaltmeyer/Documents/code/CounterfactualExplanations.jl/paper/_paper.tex:910: You can't use `macro parameter character #' in horizontal mode.
l.910     @$\tau$@::AbstractFloat #
                                    tolerance for convergence
Sorry, but I'm not programmed to handle this case;
I'll just pretend that you didn't ask for it.
If you're in the wrong mode, you might be able to
return to the right one by typing `I}' or `I$' or `I\par'.

/Users/patrickaltmeyer/Documents/code/CounterfactualExplanations.jl/paper/_paper.tex:911: Missing $ inserted.
<inserted text> 
                $
l.911     p_
            dropout::AbstractFloat # dropout rate
I've inserted a begin-math/end-math symbol since I think
you left one out. Proceed, with fingers crossed.

/Users/patrickaltmeyer/Documents/code/CounterfactualExplanations.jl/paper/_paper.tex:911: You can't use `macro parameter character #' in math mode.
l.911     p_dropout::AbstractFloat #
                                     dropout rate
Sorry, but I'm not programmed to handle this case;
I'll just pretend that you didn't ask for it.
If you're in the wrong mode, you might be able to
return to the right one by typing `I}' or `I$' or `I\par'.

/Users/patrickaltmeyer/Documents/code/CounterfactualExplanations.jl/paper/_paper.tex:913: Missing $ inserted.
<inserted text> 
                $
l.913 
      
I've inserted a begin-math/end-math symbol since I think
you left one out. Proceed, with fingers crossed.

/Users/patrickaltmeyer/Documents/code/CounterfactualExplanations.jl/paper/_paper.tex:914: You can't use `macro parameter character #' in vertical mode.
l.914 #
        Instantiate:
Sorry, but I'm not programmed to handle this case;
I'll just pretend that you didn't ask for it.
If you're in the wrong mode, you might be able to
return to the right one by typing `I}' or `I$' or `I\par'.


/Users/patrickaltmeyer/Documents/code/CounterfactualExplanations.jl/paper/_paper.tex:925: LaTeX Error: \begin{document} ended by \end{lstlisting}.

See the LaTeX manual or LaTeX Companion for explanation.
Type  H <return>  for immediate help.
 ...                                              
                                                  
l.925 \end{lstlisting}
                      
Your command was ignored.
Type  I <command> <return>  to replace it with another command,
or  <return>  to continue without it.


/Users/patrickaltmeyer/Documents/code/CounterfactualExplanations.jl/paper/_paper.tex:931: LaTeX Error: Environment lstlisting undefined.

See the LaTeX manual or LaTeX Companion for explanation.
Type  H <return>  for immediate help.
 ...                                              
                                                  
l.931 \begin{lstlisting}
                        [language=Julia, escapechar=@]
Your command was ignored.
Type  I <command> <return>  to replace it with another command,
or  <return>  to continue without it.

/Users/patrickaltmeyer/Documents/code/CounterfactualExplanations.jl/paper/_paper.tex:933: Missing $ inserted.
<inserted text> 
                $
l.933 import Generators: generate_
                                  perturbations, @$\nabla$@
I've inserted a begin-math/end-math symbol since I think
you left one out. Proceed, with fingers crossed.

/Users/patrickaltmeyer/Documents/code/CounterfactualExplanations.jl/paper/_paper.tex:933: Missing $ inserted.
<inserted text> 
                $
l.933 ...erators: generate_perturbations, @$\nabla
                                                  $@
I've inserted a begin-math/end-math symbol since I think
you left one out. Proceed, with fingers crossed.

/Users/patrickaltmeyer/Documents/code/CounterfactualExplanations.jl/paper/_paper.tex:935: Missing $ inserted.
<inserted text> 
                $
l.935 function generate_
                        perturbations(
I've inserted a begin-math/end-math symbol since I think
you left one out. Proceed, with fingers crossed.

/Users/patrickaltmeyer/Documents/code/CounterfactualExplanations.jl/paper/_paper.tex:939: Missing $ inserted.
<inserted text> 
                $
l.939     g_t = @$\nabla
                        $@(generator, counterfactual_state)
I've inserted a begin-math/end-math symbol since I think
you left one out. Proceed, with fingers crossed.

/Users/patrickaltmeyer/Documents/code/CounterfactualExplanations.jl/paper/_paper.tex:939: Missing $ inserted.
<inserted text> 
                $
l.939 ...t = @$\nabla$@(generator, counterfactual_
                                                  state)
I've inserted a begin-math/end-math symbol since I think
you left one out. Proceed, with fingers crossed.

/Users/patrickaltmeyer/Documents/code/CounterfactualExplanations.jl/paper/_paper.tex:940: You can't use `macro parameter character #' in math mode.
l.940     #
            Dropout:
Sorry, but I'm not programmed to handle this case;
I'll just pretend that you didn't ask for it.
If you're in the wrong mode, you might be able to
return to the right one by typing `I}' or `I$' or `I\par'.

/Users/patrickaltmeyer/Documents/code/CounterfactualExplanations.jl/paper/_paper.tex:947: Missing $ inserted.
<inserted text> 
                $
l.947     @$\Delta
                   x\prime$@ = - (generator.@$\epsilon$@ .* g_t)
I've inserted a begin-math/end-math symbol since I think
you left one out. Proceed, with fingers crossed.

/Users/patrickaltmeyer/Documents/code/CounterfactualExplanations.jl/paper/_paper.tex:947: Missing $ inserted.
<inserted text> 
                $
l.947 ...prime$@ = - (generator.@$\epsilon$@ .* g_
                                                  t)
I've inserted a begin-math/end-math symbol since I think
you left one out. Proceed, with fingers crossed.

/Users/patrickaltmeyer/Documents/code/CounterfactualExplanations.jl/paper/_paper.tex:948: Missing $ inserted.
<inserted text> 
                $
l.948     return @$\Delta
                          x\prime$@
I've inserted a begin-math/end-math symbol since I think
you left one out. Proceed, with fingers crossed.


/Users/patrickaltmeyer/Documents/code/CounterfactualExplanations.jl/paper/_paper.tex:950: LaTeX Error: \begin{document} ended by \end{lstlisting}.

See the LaTeX manual or LaTeX Companion for explanation.
Type  H <return>  for immediate help.
 ...                                              
                                                  
l.950 \end{lstlisting}
                      
Your command was ignored.
Type  I <command> <return>  to replace it with another command,
or  <return>  to continue without it.


Overfull \hbox (6.67798pt too wide) in paragraph at lines 931--951
\OML/lmm/m/it/10.95 AbstractDropoutGenerator; counterfactual[]tate \OT1/lmr/m/n/10.95 (-20) :: \OML/lmm/m/it/10.95 CounterfactualState\OT1/lmr/m/n/10.95 (-20) )\OML/lmm/m/it/10.95 g[] \OT1/lmr/m/n/10.95 (-20) = @$$\OMS/lmsy/m/n/10.95 r$\T1/lmr/m/n/10.95 (-20) @(generator,
 []


Overfull \hbox (13.10551pt too wide) in paragraph at lines 931--951
\T1/lmr/m/n/10.95 (-20) counterfactual$[]\OML/lmm/m/it/10.95 tate\OT1/lmr/m/n/10.95 (-20) )\OML/lmm/m/it/10.95 Dropout \OT1/lmr/m/n/10.95 (-20) : \OML/lmm/m/it/10.95 set[]o[]ero \OT1/lmr/m/n/10.95 (-20) = \OML/lmm/m/it/10.95 sample\OT1/lmr/m/n/10.95 (-20) (1 : \OML/lmm/m/it/10.95 length\OT1/lmr/m/n/10.95 (-20) (\OML/lmm/m/it/10.95 g[]\OT1/lmr/m/n/10.95 (-20) )\OML/lmm/m/it/10.95 ; Int\OT1/lmr/m/n/10.95 (-20) (\OML/lmm/m/it/10.95 round\OT1/lmr/m/n/10.95 (-20) (\OML/lmm/m/it/10.95 generator:p[]ropout \OMS/lmsy/m/n/10.95 ^^C
 []


LaTeX Warning: Reference `fig-dropout' on page 14 undefined on input line 955.

<www/dropout.png, id=164, 501.875pt x 376.40625pt>
File: www/dropout.png Graphic file (type png)
<use www/dropout.png>
Package pdftex.def Info: www/dropout.png  used on input line 959.
(pdftex.def)             Requested size: 446.78221pt x 335.08665pt.
[14] [15 </Users/patrickaltmeyer/Documents/code/CounterfactualExplanations.jl/paper/www/dropout.png>]

LaTeX Warning: Reference `fig-mutability' on page 16 undefined on input line 1000.


/Users/patrickaltmeyer/Documents/code/CounterfactualExplanations.jl/paper/_paper.tex:1004: LaTeX Error: Environment lstlisting undefined.

See the LaTeX manual or LaTeX Companion for explanation.
Type  H <return>  for immediate help.
 ...                                              
                                                  
l.1004 \begin{lstlisting}
                         [language=Julia, escapechar=@]
Your command was ignored.
Type  I <command> <return>  to replace it with another command,
or  <return>  to continue without it.

/Users/patrickaltmeyer/Documents/code/CounterfactualExplanations.jl/paper/_paper.tex:1005: Missing $ inserted.
<inserted text> 
                $
l.1005 counterfactual_
                      data = CounterfactualData(X,ys';mutability=[:both, :no...
I've inserted a begin-math/end-math symbol since I think
you left one out. Proceed, with fingers crossed.


/Users/patrickaltmeyer/Documents/code/CounterfactualExplanations.jl/paper/_paper.tex:1006: LaTeX Error: \begin{document} ended by \end{lstlisting}.

See the LaTeX manual or LaTeX Companion for explanation.
Type  H <return>  for immediate help.
 ...                                              
                                                  
l.1006 \end{lstlisting}
                       
Your command was ignored.
Type  I <command> <return>  to replace it with another command,
or  <return>  to continue without it.

/Users/patrickaltmeyer/Documents/code/CounterfactualExplanations.jl/paper/_paper.tex:1006: Missing $ inserted.
<inserted text> 
                $
l.1006 \end{lstlisting}
                       
I've inserted something that you may have forgotten.
(See the <inserted text> above.)
With luck, this will get me unwedged. But if you
really didn't forget anything, try typing `2' now; then
my insertion and my current dilemma will both disappear.


Overfull \hbox (9.90532pt too wide) in paragraph at lines 1004--1007
[]\T1/lmr/m/n/10.95 (-20) [language=Julia, es-capechar=@] counterfactual$[]\OML/lmm/m/it/10.95 ata \OT1/lmr/m/n/10.95 (-20) = \OML/lmm/m/it/10.95 CounterfactualData\OT1/lmr/m/n/10.95 (-20) (\OML/lmm/m/it/10.95 X; ys[]\OT1/lmr/m/n/10.95 (-20) ; \OML/lmm/m/it/10.95 mutability \OT1/lmr/m/n/10.95 (-20) =
 []

<www/constraint_mutability.png, id=180, 501.875pt x 376.40625pt>
File: www/constraint_mutability.png Graphic file (type png)
<use www/constraint_mutability.png>
Package pdftex.def Info: www/constraint_mutability.png  used on input line 1010.
(pdftex.def)             Requested size: 446.78221pt x 335.08665pt.

LaTeX Warning: Reference `fig-domain' on page 16 undefined on input line 1027.


/Users/patrickaltmeyer/Documents/code/CounterfactualExplanations.jl/paper/_paper.tex:1031: LaTeX Error: Environment lstlisting undefined.

See the LaTeX manual or LaTeX Companion for explanation.
Type  H <return>  for immediate help.
 ...                                              
                                                  
l.1031 \begin{lstlisting}
                         [language=Julia, escapechar=@]
Your command was ignored.
Type  I <command> <return>  to replace it with another command,
or  <return>  to continue without it.

/Users/patrickaltmeyer/Documents/code/CounterfactualExplanations.jl/paper/_paper.tex:1032: Missing $ inserted.
<inserted text> 
                $
l.1032 counterfactual_
                      data = CounterfactualData(
I've inserted a begin-math/end-math symbol since I think
you left one out. Proceed, with fingers crossed.


/Users/patrickaltmeyer/Documents/code/CounterfactualExplanations.jl/paper/_paper.tex:1034: LaTeX Error: \begin{document} ended by \end{lstlisting}.

See the LaTeX manual or LaTeX Companion for explanation.
Type  H <return>  for immediate help.
 ...                                              
                                                  
l.1034 \end{lstlisting}
                       
Your command was ignored.
Type  I <command> <return>  to replace it with another command,
or  <return>  to continue without it.

/Users/patrickaltmeyer/Documents/code/CounterfactualExplanations.jl/paper/_paper.tex:1034: Missing $ inserted.
<inserted text> 
                $
l.1034 \end{lstlisting}
                       
I've inserted something that you may have forgotten.
(See the <inserted text> above.)
With luck, this will get me unwedged. But if you
really didn't forget anything, try typing `2' now; then
my insertion and my current dilemma will both disappear.


Overfull \hbox (9.90532pt too wide) in paragraph at lines 1031--1035
[]\T1/lmr/m/n/10.95 (-20) [language=Julia, es-capechar=@] counterfactual$[]\OML/lmm/m/it/10.95 ata \OT1/lmr/m/n/10.95 (-20) = \OML/lmm/m/it/10.95 CounterfactualData\OT1/lmr/m/n/10.95 (-20) (\OML/lmm/m/it/10.95 X; ys[]\OT1/lmr/m/n/10.95 (-20) ; \OML/lmm/m/it/10.95 mutability \OT1/lmr/m/n/10.95 (-20) =
 []

<www/constraint_domain.png, id=181, 501.875pt x 376.40625pt>
File: www/constraint_domain.png Graphic file (type png)
<use www/constraint_domain.png>
Package pdftex.def Info: www/constraint_domain.png  used on input line 1038.
(pdftex.def)             Requested size: 446.78221pt x 335.08665pt.
[16] [17 </Users/patrickaltmeyer/Documents/code/CounterfactualExplanations.jl/paper/www/constraint_mutability.png>] [18 </Users/patrickaltmeyer/Documents/code/CounterfactualExplanations.jl/paper/www/constraint_domain.png>]

LaTeX Warning: Reference `sec-custom' on page 19 undefined on input line 1073.


LaTeX Warning: Reference `sec-emp' on page 19 undefined on input line 1073.


/Users/patrickaltmeyer/Documents/code/CounterfactualExplanations.jl/paper/_paper.tex:1083: LaTeX Error: Environment lstlisting undefined.

See the LaTeX manual or LaTeX Companion for explanation.
Type  H <return>  for immediate help.
 ...                                              
                                                  
l.1083 \begin{lstlisting}
                         [language=Julia]
Your command was ignored.
Type  I <command> <return>  to replace it with another command,
or  <return>  to continue without it.

/Users/patrickaltmeyer/Documents/code/CounterfactualExplanations.jl/paper/_paper.tex:1084: You can't use `macro parameter character #' in horizontal mode.
l.1084 #
         Step 1)
Sorry, but I'm not programmed to handle this case;
I'll just pretend that you didn't ask for it.
If you're in the wrong mode, you might be able to
return to the right one by typing `I}' or `I$' or `I\par'.

/Users/patrickaltmeyer/Documents/code/CounterfactualExplanations.jl/paper/_paper.tex:1089: You can't use `macro parameter character #' in vertical mode.
l.1089 #
         Step 2)
Sorry, but I'm not programmed to handle this case;
I'll just pretend that you didn't ask for it.
If you're in the wrong mode, you might be able to
return to the right one by typing `I}' or `I$' or `I\par'.

/Users/patrickaltmeyer/Documents/code/CounterfactualExplanations.jl/paper/_paper.tex:1092: Missing $ inserted.
<inserted text> 
                $
l.1092   y = rcopy(R"as_
                        array($nn(torch_tensor(t($X))))")
I've inserted a begin-math/end-math symbol since I think
you left one out. Proceed, with fingers crossed.

/Users/patrickaltmeyer/Documents/code/CounterfactualExplanations.jl/paper/_paper.tex:1092: Missing $ inserted.
<inserted text> 
                $
l.1092   y = rcopy(R"as_array($nn(torch_
                                        tensor(t($X))))")
I've inserted a begin-math/end-math symbol since I think
you left one out. Proceed, with fingers crossed.


/Users/patrickaltmeyer/Documents/code/CounterfactualExplanations.jl/paper/_paper.tex:1096: Package inputenc Error: Unicode character  (U+03C3)
(inputenc)                not set up for use with LaTeX.

See the inputenc package documentation for explanation.
Type  H <return>  for immediate help.
 ...                                              
                                                  
l.1096 probs(M::TorchNetwork, X::AbstractArray)=
                                                  .(logits(M, X))
You may provide a definition with
\DeclareUnicodeCharacter 


/Users/patrickaltmeyer/Documents/code/CounterfactualExplanations.jl/paper/_paper.tex:1098: LaTeX Error: \begin{document} ended by \end{lstlisting}.

See the LaTeX manual or LaTeX Companion for explanation.
Type  H <return>  for immediate help.
 ...                                              
                                                  
l.1098 \end{lstlisting}
                       
Your command was ignored.
Type  I <command> <return>  to replace it with another command,
or  <return>  to continue without it.


Overfull \hbox (103.93639pt too wide) in paragraph at lines 1089--1099
[]\T1/lmr/m/n/10.95 (-20) Step 2) func-tion log-its(M::TorchNetwork, X::AbstractArray) nn = M.nn y = rcopy(R"as$[]\OML/lmm/m/it/10.95 rray\OT1/lmr/m/n/10.95 (-20) ($\T1/lmr/m/n/10.95 (-20) nn(torch$[]\OML/lmm/m/it/10.95 ensor\OT1/lmr/m/n/10.95 (-20) (\OML/lmm/m/it/10.95 t\OT1/lmr/m/n/10.95 (-20) ($\T1/lmr/m/n/10.95 (-20) X))))")
 []


Overfull \hbox (34.44829pt too wide) in paragraph at lines 1089--1099
\T1/lmr/m/n/10.95 (-20) y = isa(y, Ab-strac-tAr-ray) ? y : [y] re-turn y' end probs(M::TorchNetwork, X::AbstractArray)=.(logits(M,
 []


LaTeX Warning: Reference `fig-torch' on page 19 undefined on input line 1115.


/Users/patrickaltmeyer/Documents/code/CounterfactualExplanations.jl/paper/_paper.tex:1118: LaTeX Error: Environment lstlisting undefined.

See the LaTeX manual or LaTeX Companion for explanation.
Type  H <return>  for immediate help.
 ...                                              
                                                  
l.1118 \begin{lstlisting}
                         [language=Julia, escapechar=@]
Your command was ignored.
Type  I <command> <return>  to replace it with another command,
or  <return>  to continue without it.

/Users/patrickaltmeyer/Documents/code/CounterfactualExplanations.jl/paper/_paper.tex:1122: You can't use `macro parameter character #' in vertical mode.
l.1122 #
         Countefactual loss:
Sorry, but I'm not programmed to handle this case;
I'll just pretend that you didn't ask for it.
If you're in the wrong mode, you might be able to
return to the right one by typing `I}' or `I$' or `I\par'.

[19]
/Users/patrickaltmeyer/Documents/code/CounterfactualExplanations.jl/paper/_paper.tex:1125: Missing $ inserted.
<inserted text> 
                $
l.1125     counterfactual_
                          state::CounterfactualState)
I've inserted a begin-math/end-math symbol since I think
you left one out. Proceed, with fingers crossed.

/Users/patrickaltmeyer/Documents/code/CounterfactualExplanations.jl/paper/_paper.tex:1128: Missing $ inserted.
<inserted text> 
                $
l.1128   @$x\prime
                  $@ = counterfactual_state.@$x\prime$@
I've inserted a begin-math/end-math symbol since I think
you left one out. Proceed, with fingers crossed.

/Users/patrickaltmeyer/Documents/code/CounterfactualExplanations.jl/paper/_paper.tex:1128: Missing $ inserted.
<inserted text> 
                $
l.1128   @$x\prime$@ = counterfactual_
                                      state.@$x\prime$@
I've inserted a begin-math/end-math symbol since I think
you left one out. Proceed, with fingers crossed.

/Users/patrickaltmeyer/Documents/code/CounterfactualExplanations.jl/paper/_paper.tex:1128: Missing $ inserted.
<inserted text> 
                $
l.1128 ...prime$@ = counterfactual_state.@$x\prime
                                                  $@
I've inserted a begin-math/end-math symbol since I think
you left one out. Proceed, with fingers crossed.

/Users/patrickaltmeyer/Documents/code/CounterfactualExplanations.jl/paper/_paper.tex:1129: Missing $ inserted.
<inserted text> 
                $
l.1129   t = counterfactual_
                            state.target_encoded
I've inserted a begin-math/end-math symbol since I think
you left one out. Proceed, with fingers crossed.

/Users/patrickaltmeyer/Documents/code/CounterfactualExplanations.jl/paper/_paper.tex:1131: Missing $ inserted.
<inserted text> 
                $
l.1131   x <- torch_tensor($@$x\prime$@, requires_
                                                  grad=TRUE)
I've inserted a begin-math/end-math symbol since I think
you left one out. Proceed, with fingers crossed.

/Users/patrickaltmeyer/Documents/code/CounterfactualExplanations.jl/paper/_paper.tex:1133: Missing $ inserted.
<inserted text> 
                $
l.1133   loss_
              fun <- nnf_binary_cross_entropy_with_logits
I've inserted a begin-math/end-math symbol since I think
you left one out. Proceed, with fingers crossed.

/Users/patrickaltmeyer/Documents/code/CounterfactualExplanations.jl/paper/_paper.tex:1135: Missing $ inserted.
<inserted text> 
                $
l.1135   obj_
             loss$backward()
I've inserted a begin-math/end-math symbol since I think
you left one out. Proceed, with fingers crossed.

/Users/patrickaltmeyer/Documents/code/CounterfactualExplanations.jl/paper/_paper.tex:1137: Missing $ inserted.
<inserted text> 
                $
l.1137   grad = rcopy(R"as_
                           array(x$grad)")
I've inserted a begin-math/end-math symbol since I think
you left one out. Proceed, with fingers crossed.


/Users/patrickaltmeyer/Documents/code/CounterfactualExplanations.jl/paper/_paper.tex:1140: LaTeX Error: \begin{document} ended by \end{lstlisting}.

See the LaTeX manual or LaTeX Companion for explanation.
Type  H <return>  for immediate help.
 ...                                              
                                                  
l.1140 \end{lstlisting}
                       
Your command was ignored.
Type  I <command> <return>  to replace it with another command,
or  <return>  to continue without it.


Underfull \hbox (badness 10000) in paragraph at lines 1122--1141
[]\T1/lmr/m/n/10.95 (+20) Countefactual loss: func-tion @$\OML/lmm/m/it/10.95 @`$\T1/lmr/m/n/10.95 (+20) @( gen-er-a-tor::AbstractGradientBasedGenerator,
 []


Overfull \hbox (8.20638pt too wide) in paragraph at lines 1122--1141
\T1/lmr/m/n/10.95 (-20) requires$[]\OML/lmm/m/it/10.95 rad \OT1/lmr/m/n/10.95 (-20) = \OML/lmm/m/it/10.95 TRUE\OT1/lmr/m/n/10.95 (-20) )\OML/lmm/m/it/10.95 output < \OMS/lmsy/m/n/10.95 ^^@$\T1/lmr/m/n/10.95 (-20) nn(x) loss$[]\OML/lmm/m/it/10.95 un < \OMS/lmsy/m/n/10.95 ^^@\OML/lmm/m/it/10.95 nnf[]inary[]ross[]ntropy[]ith[]ogitsobj[]oss <
 []

<www/ce_torch.png, id=218, 501.875pt x 376.40625pt>
File: www/ce_torch.png Graphic file (type png)
<use www/ce_torch.png>
Package pdftex.def Info: www/ce_torch.png  used on input line 1144.
(pdftex.def)             Requested size: 240.9049pt x 180.67868pt.

LaTeX Warning: Citation `lecun1998mnist' on page 20 undefined on input line 1160.


LaTeX Warning: Reference `fig-mnist-orig' on page 20 undefined on input line 1166.


LaTeX Warning: Citation `schut2021generating' on page 20 undefined on input line 1167.


LaTeX Warning: Citation `schut2021generating' on page 20 undefined on input line 1177.


LaTeX Warning: Citation `wilson2019case.pdf' on page 20 undefined on input line 1179.


LaTeX Warning: Citation `lakshminarayanan2016simple' on page 20 undefined on input line 1180.

[20 </Users/patrickaltmeyer/Documents/code/CounterfactualExplanations.jl/paper/www/ce_torch.png>]

/Users/patrickaltmeyer/Documents/code/CounterfactualExplanations.jl/paper/_paper.tex:1185: LaTeX Error: Environment lstlisting undefined.

See the LaTeX manual or LaTeX Companion for explanation.
Type  H <return>  for immediate help.
 ...                                              
                                                  
l.1185 \begin{lstlisting}
                         [language=Julia, escapechar=@]
Your command was ignored.
Type  I <command> <return>  to replace it with another command,
or  <return>  to continue without it.

/Users/patrickaltmeyer/Documents/code/CounterfactualExplanations.jl/paper/_paper.tex:1187: You can't use `macro parameter character #' in horizontal mode.
l.1187 #
         Step 1)
Sorry, but I'm not programmed to handle this case;
I'll just pretend that you didn't ask for it.
If you're in the wrong mode, you might be able to
return to the right one by typing `I}' or `I$' or `I\par'.

/Users/patrickaltmeyer/Documents/code/CounterfactualExplanations.jl/paper/_paper.tex:1191: You can't use `macro parameter character #' in horizontal mode.
l.1191 #
         Step 2)
Sorry, but I'm not programmed to handle this case;
I'll just pretend that you didn't ask for it.
If you're in the wrong mode, you might be able to
return to the right one by typing `I}' or `I$' or `I\par'.

/Users/patrickaltmeyer/Documents/code/CounterfactualExplanations.jl/paper/_paper.tex:1199: Missing $ inserted.
<inserted text> 
                $
l.1199 M_
         ensemble = FittedEnsemble(ensemble)
I've inserted a begin-math/end-math symbol since I think
you left one out. Proceed, with fingers crossed.


/Users/patrickaltmeyer/Documents/code/CounterfactualExplanations.jl/paper/_paper.tex:1200: LaTeX Error: \begin{document} ended by \end{lstlisting}.

See the LaTeX manual or LaTeX Companion for explanation.
Type  H <return>  for immediate help.
 ...                                              
                                                  
l.1200 \end{lstlisting}
                       
Your command was ignored.
Type  I <command> <return>  to replace it with another command,
or  <return>  to continue without it.

/Users/patrickaltmeyer/Documents/code/CounterfactualExplanations.jl/paper/_paper.tex:1200: Missing $ inserted.
<inserted text> 
                $
l.1200 \end{lstlisting}
                       
I've inserted something that you may have forgotten.
(See the <inserted text> above.)
With luck, this will get me unwedged. But if you
really didn't forget anything, try typing `2' now; then
my insertion and my current dilemma will both disappear.

<www/mnist_original.png, id=229, 501.875pt x 376.40625pt>
File: www/mnist_original.png Graphic file (type png)
<use www/mnist_original.png>
Package pdftex.def Info: www/mnist_original.png  used on input line 1204.
(pdftex.def)             Requested size: 120.4448pt x 90.33359pt.

LaTeX Warning: Reference `fig-mnist-orig' on page 21 undefined on input line 1219.


LaTeX Warning: Reference `fig-mnist-9to4' on page 21 undefined on input line 1220.


LaTeX Warning: Citation `schut2021generating' on page 21 undefined on input line 1226.


LaTeX Warning: Reference `fig-mnist-3to8' on page 21 undefined on input line 1231.


LaTeX Warning: Reference `fig-mnist-9to4' on page 21 undefined on input line 1235.


LaTeX Warning: Citation `schut2021generating' on page 21 undefined on input line 1237.

<www/mnist_9_to_4.png, id=230, 1204.5pt x 301.125pt>
File: www/mnist_9_to_4.png Graphic file (type png)
<use www/mnist_9_to_4.png>
Package pdftex.def Info: www/mnist_9_to_4.png  used on input line 1241.
(pdftex.def)             Requested size: 240.89574pt x 60.22392pt.

LaTeX Warning: Citation `schut2021generating' on page 21 undefined on input line 1252.

[21 </Users/patrickaltmeyer/Documents/code/CounterfactualExplanations.jl/paper/www/mnist_original.png>]
<www/mnist_3_to_8.png, id=236, 1204.5pt x 301.125pt>
File: www/mnist_3_to_8.png Graphic file (type png)
<use www/mnist_3_to_8.png>
Package pdftex.def Info: www/mnist_3_to_8.png  used on input line 1265.
(pdftex.def)             Requested size: 240.89574pt x 60.22392pt.
 [22 </Users/patrickaltmeyer/Documents/code/CounterfactualExplanations.jl/paper/www/mnist_9_to_4.png> </Users/patrickaltmeyer/Documents/code/CounterfactualExplanations.jl/paper/www/mnist_3_to_8.png>]

LaTeX3 Info: Redefining command \BeforeClosingMainAux with sig. 'm' on line
(LaTeX3)     1295.


LaTeX3 Info: Redefining command \BeforeClosingMainAux with sig. 'm' on line
(LaTeX3)     1295.

 (/Users/patrickaltmeyer/Documents/code/CounterfactualExplanations.jl/paper/_paper.aux)

LaTeX Warning: There were undefined references.


LaTeX Warning: Label(s) may have changed. Rerun to get cross-references right.

 ) 
Here is how much of TeX's memory you used:
 17350 strings out of 478994
 292414 string characters out of 5858184
 779155 words of memory out of 5000000
 34264 multiletter control sequences out of 15000+600000
 468477 words of font info for 154 fonts, out of 8000000 for 9000
 1141 hyphenation exceptions out of 8191
 111i,8n,116p,10703b,470s stack positions out of 5000i,500n,10000p,200000b,80000s
{/usr/local/texlive/2021/texmf-dist/fonts/enc/dvips/lm/lm-mathex.enc}{/usr/local/texlive/2021/texmf-dist/fonts/enc/dvips/lm/lm-ec.enc}{/usr/local/texlive/2021/texmf-dist/fonts/enc/dvips/lm/lm-mathsy.enc}{/usr/local/texlive/2021/texmf-dist/fonts/enc/dvips/lm/lm-mathit.enc}{/usr/local/texlive/2021/texmf-dist/fonts/enc/dvips/lm/lm-rm.enc}</usr/local/texlive/2021/texmf-dist/fonts/type1/public/lm/lmbx10.pfb></usr/local/texlive/2021/texmf-dist/fonts/type1/public/lm/lmbx9.pfb></usr/local/texlive/2021/texmf-dist/fonts/type1/public/lm/lmex10.pfb></usr/local/texlive/2021/texmf-dist/fonts/type1/public/lm/lmmi10.pfb></usr/local/texlive/2021/texmf-dist/fonts/type1/public/lm/lmmi8.pfb></usr/local/texlive/2021/texmf-dist/fonts/type1/public/lm/lmr10.pfb></usr/local/texlive/2021/texmf-dist/fonts/type1/public/lm/lmr6.pfb></usr/local/texlive/2021/texmf-dist/fonts/type1/public/lm/lmr8.pfb></usr/local/texlive/2021/texmf-dist/fonts/type1/public/lm/lmr9.pfb></usr/local/texlive/2021/texmf-dist/fonts/type1/public/lm/lmri10.pfb></usr/local/texlive/2021/texmf-dist/fonts/type1/public/lm/lmssbx10.pfb></usr/local/texlive/2021/texmf-dist/fonts/type1/public/lm/lmsy10.pfb></usr/local/texlive/2021/texmf-dist/fonts/type1/public/lm/lmsy8.pfb></usr/local/texlive/2021/texmf-dist/fonts/type1/public/lm/lmtt10.pfb></usr/local/texlive/2021/texmf-dist/fonts/type1/public/lm/lmtt9.pfb></usr/local/texlive/2021/texmf-dist/fonts/type1/public/amsfonts/symbols/msbm10.pfb>
Output written on /Users/patrickaltmeyer/Documents/code/CounterfactualExplanations.jl/paper/_paper.pdf (22 pages, 845499 bytes).
PDF statistics:
 388 PDF objects out of 1000 (max. 8388607)
 330 compressed objects within 4 object streams
 112 named destinations out of 1000 (max. 500000)
 35039 words of extra memory for PDF output out of 35830 (max. 10000000)

