This is pdfTeX, Version 3.141592653-2.6-1.40.22 (TeX Live 2021) (preloaded format=pdflatex 2022.3.17)  2 APR 2022 15:56
entering extended mode
 restricted \write18 enabled.
 file:line:error style messages enabled.
 %&-line parsing enabled.
**/Users/patrickaltmeyer/Documents/code/CounterfactualExplanations.jl/paper/paper.tex
(/Users/patrickaltmeyer/Documents/code/CounterfactualExplanations.jl/paper/paper.tex
LaTeX2e <2020-10-01> patch level 4
L3 programming layer <2021-02-18> (/Users/patrickaltmeyer/Documents/code/CounterfactualExplanations.jl/paper/juliacon.cls (/usr/local/texlive/2021/texmf-dist/tex/latex/psnfss/helvet.sty
Package: helvet 2020/03/25 PSNFSS-v9.3 (WaS) 
 (/usr/local/texlive/2021/texmf-dist/tex/latex/graphics/keyval.sty
Package: keyval 2014/10/28 v1.15 key=value parser (DPC)
\KV@toks@=\toks15
))
Document Class: juliacon 
(/usr/local/texlive/2021/texmf-dist/tex/latex/base/latexsym.sty
Package: latexsym 1998/08/17 v2.2e Standard LaTeX package (lasy symbols)
\symlasy=\mathgroup4
LaTeX Font Info:    Overwriting symbol font `lasy' in version `bold'
(Font)                  U/lasy/m/n --> U/lasy/b/n on input line 52.
) (/usr/local/texlive/2021/texmf-dist/tex/latex/url/url.sty
\Urlmuskip=\muskip16
Package: url 2013/09/16  ver 3.4  Verb mode for urls, etc.
) (/usr/local/texlive/2021/texmf-dist/tex/latex/base/inputenc.sty
Package: inputenc 2020/08/01 v1.3d Input encoding file
\inpenc@prehook=\toks16
\inpenc@posthook=\toks17
) (/usr/local/texlive/2021/texmf-dist/tex/latex/base/fontenc.sty
Package: fontenc 2020/08/10 v2.0s Standard LaTeX package
)
\trimheight=\dimen138
\trimwidth=\dimen139
\typeheight=\dimen140
\typewidth=\dimen141
\normaltextheight=\dimen142
\blindfoliodrop=\dimen143
\tempbox=\box47
 (/Users/patrickaltmeyer/Documents/code/CounterfactualExplanations.jl/paper/journal_dat.tex)
\tempdimen=\dimen144
\normaltextheight=\dimen145
\c@secnumbookdepth=\count179
\c@theorem=\count180
\c@strategy=\count181
\c@property=\count182
\c@proposition=\count183
\c@exam=\count184
\c@part=\count185
\c@section=\count186
\c@subsection=\count187
\c@subsubsection=\count188
\c@paragraph=\count189
\c@figure=\count190
\c@table=\count191
\belowcaptionskip=\skip47
\tbbox=\box48
\tabledim=\dimen146
\@narrowfig=\dimen147
\@nfigbox=\box49
\@nfcapbox=\box50
\@abstract=\box51
\@terms=\box52
\@keywords=\box53
\bibindent=\dimen148
LaTeX Info: Redefining \cal on input line 900.
 (/usr/local/texlive/2021/texmf-dist/tex/latex/psnfss/times.sty
Package: times 2020/03/25 PSNFSS-v9.3 (SPQR) 
) (/usr/local/texlive/2021/texmf-dist/tex/latex/tools/bm.sty
Package: bm 2019/07/24 v1.2d Bold Symbol Support (DPC/FMi)
\symboldoperators=\mathgroup5
\symboldletters=\mathgroup6
\symboldsymbols=\mathgroup7
\symboldlasy=\mathgroup8
LaTeX Font Info:    Redeclaring math alphabet \mathbf on input line 141.
LaTeX Info: Redefining \bm on input line 209.
) (/usr/local/texlive/2021/texmf-dist/tex/latex/graphics/graphicx.sty
Package: graphicx 2020/09/09 v1.2b Enhanced LaTeX Graphics (DPC,SPQR)
 (/usr/local/texlive/2021/texmf-dist/tex/latex/graphics/graphics.sty
Package: graphics 2020/08/30 v1.4c Standard LaTeX Graphics (DPC,SPQR)
 (/usr/local/texlive/2021/texmf-dist/tex/latex/graphics/trig.sty
Package: trig 2016/01/03 v1.10 sin cos tan (DPC)
) (/usr/local/texlive/2021/texmf-dist/tex/latex/graphics-cfg/graphics.cfg
File: graphics.cfg 2016/06/04 v1.11 sample graphics configuration
)
Package graphics Info: Driver file: pdftex.def on input line 105.
 (/usr/local/texlive/2021/texmf-dist/tex/latex/graphics-def/pdftex.def
File: pdftex.def 2020/10/05 v1.2a Graphics/color driver for pdftex
))
\Gin@req@height=\dimen149
\Gin@req@width=\dimen150
) (/usr/local/texlive/2021/texmf-dist/tex/latex/hyperref/hyperref.sty
Package: hyperref 2021-02-27 v7.00k Hypertext links for LaTeX
 (/usr/local/texlive/2021/texmf-dist/tex/generic/ltxcmds/ltxcmds.sty
Package: ltxcmds 2020-05-10 v1.25 LaTeX kernel commands for general use (HO)
) (/usr/local/texlive/2021/texmf-dist/tex/generic/iftex/iftex.sty
Package: iftex 2020/03/06 v1.0d TeX engine tests
) (/usr/local/texlive/2021/texmf-dist/tex/generic/pdftexcmds/pdftexcmds.sty
Package: pdftexcmds 2020-06-27 v0.33 Utility functions of pdfTeX for LuaTeX (HO)
 (/usr/local/texlive/2021/texmf-dist/tex/generic/infwarerr/infwarerr.sty
Package: infwarerr 2019/12/03 v1.5 Providing info/warning/error messages (HO)
)
Package pdftexcmds Info: \pdf@primitive is available.
Package pdftexcmds Info: \pdf@ifprimitive is available.
Package pdftexcmds Info: \pdfdraftmode found.
) (/usr/local/texlive/2021/texmf-dist/tex/generic/kvsetkeys/kvsetkeys.sty
Package: kvsetkeys 2019/12/15 v1.18 Key value parser (HO)
) (/usr/local/texlive/2021/texmf-dist/tex/generic/kvdefinekeys/kvdefinekeys.sty
Package: kvdefinekeys 2019-12-19 v1.6 Define keys (HO)
) (/usr/local/texlive/2021/texmf-dist/tex/generic/pdfescape/pdfescape.sty
Package: pdfescape 2019/12/09 v1.15 Implements pdfTeX's escape features (HO)
) (/usr/local/texlive/2021/texmf-dist/tex/latex/hycolor/hycolor.sty
Package: hycolor 2020-01-27 v1.10 Color options for hyperref/bookmark (HO)
) (/usr/local/texlive/2021/texmf-dist/tex/latex/letltxmacro/letltxmacro.sty
Package: letltxmacro 2019/12/03 v1.6 Let assignment for LaTeX macros (HO)
) (/usr/local/texlive/2021/texmf-dist/tex/latex/auxhook/auxhook.sty
Package: auxhook 2019-12-17 v1.6 Hooks for auxiliary files (HO)
) (/usr/local/texlive/2021/texmf-dist/tex/latex/kvoptions/kvoptions.sty
Package: kvoptions 2020-10-07 v3.14 Key value format for package options (HO)
)
\@linkdim=\dimen151
\Hy@linkcounter=\count192
\Hy@pagecounter=\count193
 (/usr/local/texlive/2021/texmf-dist/tex/latex/hyperref/pd1enc.def
File: pd1enc.def 2021-02-27 v7.00k Hyperref: PDFDocEncoding definition (HO)
Now handling font encoding PD1 ...
... no UTF-8 mapping file for font encoding PD1
) (/usr/local/texlive/2021/texmf-dist/tex/latex/hyperref/hyperref-langpatches.def
File: hyperref-langpatches.def 2021-02-27 v7.00k Hyperref: patches for babel languages
) (/usr/local/texlive/2021/texmf-dist/tex/generic/intcalc/intcalc.sty
Package: intcalc 2019/12/15 v1.3 Expandable calculations with integers (HO)
) (/usr/local/texlive/2021/texmf-dist/tex/generic/etexcmds/etexcmds.sty
Package: etexcmds 2019/12/15 v1.7 Avoid name clashes with e-TeX commands (HO)
)
\Hy@SavedSpaceFactor=\count194
 (/usr/local/texlive/2021/texmf-dist/tex/latex/hyperref/puenc.def
File: puenc.def 2021-02-27 v7.00k Hyperref: PDF Unicode definition (HO)
Now handling font encoding PU ...
... no UTF-8 mapping file for font encoding PU
)
Package hyperref Info: Hyper figures OFF on input line 4192.
Package hyperref Info: Link nesting OFF on input line 4197.
Package hyperref Info: Hyper index ON on input line 4200.
Package hyperref Info: Plain pages OFF on input line 4207.
Package hyperref Info: Backreferencing OFF on input line 4212.
Package hyperref Info: Implicit mode ON; LaTeX internals redefined.
Package hyperref Info: Bookmarks ON on input line 4445.
\c@Hy@tempcnt=\count195
LaTeX Info: Redefining \url on input line 4804.
\XeTeXLinkMargin=\dimen152
 (/usr/local/texlive/2021/texmf-dist/tex/generic/bitset/bitset.sty
Package: bitset 2019/12/09 v1.3 Handle bit-vector datatype (HO)
 (/usr/local/texlive/2021/texmf-dist/tex/generic/bigintcalc/bigintcalc.sty
Package: bigintcalc 2019/12/15 v1.5 Expandable calculations on big integers (HO)
))
\Fld@menulength=\count196
\Field@Width=\dimen153
\Fld@charsize=\dimen154
Package hyperref Info: Hyper figures OFF on input line 6075.
Package hyperref Info: Link nesting OFF on input line 6080.
Package hyperref Info: Hyper index ON on input line 6083.
Package hyperref Info: backreferencing OFF on input line 6090.
Package hyperref Info: Link coloring OFF on input line 6095.
Package hyperref Info: Link coloring with OCG OFF on input line 6100.
Package hyperref Info: PDF/A mode OFF on input line 6105.
LaTeX Info: Redefining \ref on input line 6145.
LaTeX Info: Redefining \pageref on input line 6149.
 (/usr/local/texlive/2021/texmf-dist/tex/latex/base/atbegshi-ltx.sty
Package: atbegshi-ltx 2020/08/17 v1.0a Emulation of the original atbegshi package
with kernel methods
)
\Hy@abspage=\count197
\c@Item=\count198
\c@Hfootnote=\count199
)
Package hyperref Info: Driver (autodetected): hpdftex.
 (/usr/local/texlive/2021/texmf-dist/tex/latex/hyperref/hpdftex.def
File: hpdftex.def 2021-02-27 v7.00k Hyperref driver for pdfTeX
 (/usr/local/texlive/2021/texmf-dist/tex/latex/base/atveryend-ltx.sty
Package: atveryend-ltx 2020/08/19 v1.0a Emulation of the original atvery package
with kernel methods
)
\Fld@listcount=\count266
\c@bookmark@seq@number=\count267
 (/usr/local/texlive/2021/texmf-dist/tex/latex/rerunfilecheck/rerunfilecheck.sty
Package: rerunfilecheck 2019/12/05 v1.9 Rerun checks for auxiliary files (HO)
 (/usr/local/texlive/2021/texmf-dist/tex/generic/uniquecounter/uniquecounter.sty
Package: uniquecounter 2019/12/15 v1.4 Provide unlimited unique counter (HO)
)
Package uniquecounter Info: New unique counter `rerunfilecheck' on input line 286.
)
\Hy@SectionHShift=\skip48
) (/Users/patrickaltmeyer/Documents/code/CounterfactualExplanations.jl/paper/jlcode.sty
-- Package: `jlcode' 2.1 <2018/03/06> --
Package: jlcode 2018/03/06 2.1
(/usr/local/texlive/2021/texmf-dist/tex/latex/listings/listings.sty
\lst@mode=\count268
\lst@gtempboxa=\box54
\lst@token=\toks18
\lst@length=\count269
\lst@currlwidth=\dimen155
\lst@column=\count270
\lst@pos=\count271
\lst@lostspace=\dimen156
\lst@width=\dimen157
\lst@newlines=\count272
\lst@lineno=\count273
\abovecaptionskip=\skip49
\belowcaptionskip=\skip50
\lst@maxwidth=\dimen158
 (/usr/local/texlive/2021/texmf-dist/tex/latex/listings/lstmisc.sty
File: lstmisc.sty 2020/03/24 1.8d (Carsten Heinz)
\c@lstnumber=\count274
\lst@skipnumbers=\count275
\lst@framebox=\box55
) (/usr/local/texlive/2021/texmf-dist/tex/latex/listings/listings.cfg
File: listings.cfg 2020/03/24 1.8d listings configuration
))
Package: listings 2020/03/24 1.8d (Carsten Heinz)
 (/usr/local/texlive/2021/texmf-dist/tex/latex/xcolor/xcolor.sty
Package: xcolor 2016/05/11 v2.12 LaTeX color extensions (UK)
 (/usr/local/texlive/2021/texmf-dist/tex/latex/graphics-cfg/color.cfg
File: color.cfg 2016/01/02 v1.6 sample color configuration
)
Package xcolor Info: Driver file: pdftex.def on input line 225.
Package xcolor Info: Model `cmy' substituted by `cmy0' on input line 1348.
Package xcolor Info: Model `hsb' substituted by `rgb' on input line 1352.
Package xcolor Info: Model `RGB' extended on input line 1364.
Package xcolor Info: Model `HTML' substituted by `rgb' on input line 1366.
Package xcolor Info: Model `Hsb' substituted by `hsb' on input line 1367.
Package xcolor Info: Model `tHsb' substituted by `hsb' on input line 1368.
Package xcolor Info: Model `HSB' substituted by `hsb' on input line 1369.
Package xcolor Info: Model `Gray' substituted by `gray' on input line 1370.
Package xcolor Info: Model `wave' substituted by `hsb' on input line 1371.
) (/usr/local/texlive/2021/texmf-dist/tex/latex/base/textcomp.sty
Package: textcomp 2020/02/02 v2.0n Standard LaTeX package
) (/usr/local/texlive/2021/texmf-dist/tex/latex/amsfonts/amssymb.sty
Package: amssymb 2013/01/14 v3.01 AMS font symbols
 (/usr/local/texlive/2021/texmf-dist/tex/latex/amsfonts/amsfonts.sty
Package: amsfonts 2013/01/14 v3.01 Basic AMSFonts support
\@emptytoks=\toks19
\symAMSa=\mathgroup9
\symAMSb=\mathgroup10
LaTeX Font Info:    Redeclaring math symbol \hbar on input line 98.
LaTeX Font Info:    Overwriting math alphabet `\mathfrak' in version `bold'
(Font)                  U/euf/m/n --> U/euf/b/n on input line 106.
)) (/usr/local/texlive/2021/texmf-dist/tex/latex/eurosym/eurosym.sty
Package: eurosym 1998/08/06 v1.1 European currency symbol ``Euro''
\@eurobox=\box56
) (/usr/local/texlive/2021/texmf-dist/tex/latex/base/fontenc.sty
Package: fontenc 2020/08/10 v2.0s Standard LaTeX package
LaTeX Font Info:    Trying to load font information for T1+ptm on input line 112.
 (/usr/local/texlive/2021/texmf-dist/tex/latex/psnfss/t1ptm.fd
File: t1ptm.fd 2001/06/04 font definitions for T1/ptm.
)) (/usr/local/texlive/2021/texmf-dist/tex/latex/tools/calc.sty
Package: calc 2017/05/25 v4.3 Infix arithmetic (KKT,FJ)
\calc@Acount=\count276
\calc@Bcount=\count277
\calc@Adimen=\dimen159
\calc@Bdimen=\dimen160
\calc@Askip=\skip51
\calc@Bskip=\skip52
LaTeX Info: Redefining \setlength on input line 80.
LaTeX Info: Redefining \addtolength on input line 81.
\calc@Ccount=\count278
\calc@Cskip=\skip53
)
\bfem=\skip54
LaTeX Font Info:    Trying to load font information for T1+cmtt on input line 414.
 (/usr/local/texlive/2021/texmf-dist/tex/latex/base/t1cmtt.fd
File: t1cmtt.fd 2019/12/16 v2.5j Standard LaTeX font definitions
)
\xmrgn=\skip55
) (/usr/local/texlive/2021/texmf-dist/tex/latex/preprint/authblk.sty
Package: authblk 2001/02/27 1.3 (PWD)
\affilsep=\skip56
\@affilsep=\skip57
\c@Maxaffil=\count279
\c@authors=\count280
\c@affil=\count281
)) (/usr/local/texlive/2021/texmf-dist/tex/latex/l3backend/l3backend-pdftex.def
File: l3backend-pdftex.def 2021-03-18 L3 backend support: PDF output (pdfTeX)
\l__color_backend_stack_int=\count282
\l__pdf_internal_box=\box57
) (/Users/patrickaltmeyer/Documents/code/CounterfactualExplanations.jl/paper/paper.aux)
\openout1 = `paper.aux'.

LaTeX Font Info:    Checking defaults for OML/cmm/m/it on input line 4.
LaTeX Font Info:    ... okay on input line 4.
LaTeX Font Info:    Checking defaults for OMS/cmsy/m/n on input line 4.
LaTeX Font Info:    ... okay on input line 4.
LaTeX Font Info:    Checking defaults for OT1/cmr/m/n on input line 4.
LaTeX Font Info:    ... okay on input line 4.
LaTeX Font Info:    Checking defaults for T1/cmr/m/n on input line 4.
LaTeX Font Info:    ... okay on input line 4.
LaTeX Font Info:    Checking defaults for TS1/cmr/m/n on input line 4.
LaTeX Font Info:    ... okay on input line 4.
LaTeX Font Info:    Checking defaults for OMX/cmex/m/n on input line 4.
LaTeX Font Info:    ... okay on input line 4.
LaTeX Font Info:    Checking defaults for U/cmr/m/n on input line 4.
LaTeX Font Info:    ... okay on input line 4.
LaTeX Font Info:    Checking defaults for PD1/pdf/m/n on input line 4.
LaTeX Font Info:    ... okay on input line 4.
LaTeX Font Info:    Checking defaults for PU/pdf/m/n on input line 4.
LaTeX Font Info:    ... okay on input line 4.
 (/usr/local/texlive/2021/texmf-dist/tex/context/base/mkii/supp-pdf.mkii
[Loading MPS to PDF converter (version 2006.09.02).]
\scratchcounter=\count283
\scratchdimen=\dimen161
\scratchbox=\box58
\nofMPsegments=\count284
\nofMParguments=\count285
\everyMPshowfont=\toks20
\MPscratchCnt=\count286
\MPscratchDim=\dimen162
\MPnumerator=\count287
\makeMPintoPDFobject=\count288
\everyMPtoPDFconversion=\toks21
) (/usr/local/texlive/2021/texmf-dist/tex/latex/epstopdf-pkg/epstopdf-base.sty
Package: epstopdf-base 2020-01-24 v2.11 Base part for package epstopdf
Package epstopdf-base Info: Redefining graphics rule for `.eps' on input line 485.
 (/usr/local/texlive/2021/texmf-dist/tex/latex/latexconfig/epstopdf-sys.cfg
File: epstopdf-sys.cfg 2010/07/13 v1.3 Configuration of (r)epstopdf for TeX Live
))
Package hyperref Info: Link coloring OFF on input line 4.
 (/usr/local/texlive/2021/texmf-dist/tex/latex/hyperref/nameref.sty
Package: nameref 2021-04-02 v2.47 Cross-referencing by name of section
 (/usr/local/texlive/2021/texmf-dist/tex/latex/refcount/refcount.sty
Package: refcount 2019/12/15 v3.6 Data extraction from label references (HO)
) (/usr/local/texlive/2021/texmf-dist/tex/generic/gettitlestring/gettitlestring.sty
Package: gettitlestring 2019/12/15 v1.6 Cleanup title references (HO)
)
\c@section@level=\count289
)
LaTeX Info: Redefining \ref on input line 4.
LaTeX Info: Redefining \pageref on input line 4.
LaTeX Info: Redefining \nameref on input line 4.
 (/Users/patrickaltmeyer/Documents/code/CounterfactualExplanations.jl/paper/paper.out) (/Users/patrickaltmeyer/Documents/code/CounterfactualExplanations.jl/paper/paper.out)
\@outlinefile=\write3
\openout3 = `paper.out'.

\c@lstlisting=\count290
 (/Users/patrickaltmeyer/Documents/code/CounterfactualExplanations.jl/paper/header.tex)
<logojuliacon.pdf, id=68, 430.91032pt x 145.96547pt>
File: logojuliacon.pdf Graphic file (type pdf)
<use logojuliacon.pdf>
Package pdftex.def Info: logojuliacon.pdf  used on input line 8.
(pdftex.def)             Requested size: 72.26999pt x 24.4797pt.
LaTeX Font Info:    Trying to load font information for U+lasy on input line 8.
 (/usr/local/texlive/2021/texmf-dist/tex/latex/base/ulasy.fd
File: ulasy.fd 1998/08/17 v2.2e LaTeX symbol font definitions
)
LaTeX Font Info:    Trying to load font information for U+msa on input line 8.
 (/usr/local/texlive/2021/texmf-dist/tex/latex/amsfonts/umsa.fd
File: umsa.fd 2013/01/14 v3.01 AMS symbols A
)
LaTeX Font Info:    Trying to load font information for U+msb on input line 8.
 (/usr/local/texlive/2021/texmf-dist/tex/latex/amsfonts/umsb.fd
File: umsb.fd 2013/01/14 v3.01 AMS symbols B
)
LaTeX Font Info:    Font shape `U/lasy/b/n' in size <8> not available
(Font)              Font shape `U/lasy/m/n' tried instead on input line 8.
LaTeX Font Info:    Font shape `U/lasy/b/n' in size <6> not available
(Font)              Font shape `U/lasy/m/n' tried instead on input line 8.


LaTeX Warning: Citation `sturm2014simple' on page 1 undefined on input line 35.


LaTeX Warning: Citation `borch2022machine' on page 1 undefined on input line 48.


Underfull \hbox (badness 10000) has occurred while \output is active
  
 []

[1{/usr/local/texlive/2021/texmf-var/fonts/map/pdftex/updmap/pdftex.map}
Non-PDF special ignored!
<special> papersize=8.5in,11in


 </Users/patrickaltmeyer/Documents/code/CounterfactualExplanations.jl/paper/logojuliacon.pdf>]
LaTeX Font Info:    Font shape `U/lasy/b/n' in size <9> not available
(Font)              Font shape `U/lasy/m/n' tried instead on input line 120.
LaTeX Font Info:    Font shape `U/lasy/b/n' in size <5> not available
(Font)              Font shape `U/lasy/m/n' tried instead on input line 120.


LaTeX Warning: Citation `miller2019explanation' on page 2 undefined on input line 123.


Underfull \hbox (badness 10000) in paragraph at lines 207--207
$[]$[][]\T1/ptm/m/n/8 See here: []$\T1/cmtt/m/n/8 https : / / github . com / oscarkey /
 []


Underfull \hbox (badness 2744) in paragraph at lines 235--235
$[]$[][]\T1/ptm/m/n/8 For de-tails, see the Google Sum-mer of Code 2022 project pro-
 []


Overfull \vbox (2.39996pt too high) has occurred while \output is active []


Underfull \hbox (badness 10000) has occurred while \output is active
  \T1/ptm/m/n/9 2
 []

[2]
LaTeX Font Info:    Font shape `T1/cmtt/bx/n' in size <10> not available
(Font)              Font shape `T1/cmtt/m/n' tried instead on input line 385.

Overfull \vbox (2.39996pt too high) has occurred while \output is active []


Underfull \hbox (badness 10000) has occurred while \output is active
  \T1/ptm/m/n/9 3
 []

[3]
<www/models.png, id=234, 501.875pt x 376.40625pt>
File: www/models.png Graphic file (type png)
<use www/models.png>
Package pdftex.def Info: www/models.png  used on input line 408.
(pdftex.def)             Requested size: 240.9049pt x 180.67868pt.

Overfull \hbox (0.9049pt too wide) in paragraph at lines 408--409
 [][] 
 []

<www/generators.png, id=235, 501.875pt x 376.40625pt>
File: www/generators.png Graphic file (type png)
<use www/generators.png>
Package pdftex.def Info: www/generators.png  used on input line 419.
(pdftex.def)             Requested size: 240.9049pt x 180.67868pt.

Overfull \hbox (0.9049pt too wide) in paragraph at lines 419--420
 [][] 
 []


Underfull \hbox (badness 2293) in paragraph at lines 442--462
[]\T1/ptm/m/n/9 It may help to go through the rel-e-vant parts of the code
 []


Underfull \hbox (badness 10000) in paragraph at lines 442--462
\T1/ptm/m/n/9 in some more de-tail start-ing from the part in-volv-ing
 []


Underfull \hbox (badness 7379) in paragraph at lines 442--462
\T1/ptm/m/n/9 the model. For il-lus-tra-tive pur-poses the \T1/cmtt/m/n/9 Models \T1/ptm/m/n/9 mod-ule
 []


Underfull \hbox (badness 5133) in paragraph at lines 442--462
\T1/ptm/m/n/9 ships with a con-struc-tor for a lo-gis-tic re-gres-sion model:
 []


Underfull \hbox (badness 10000) in paragraph at lines 442--462
\T1/cmtt/m/n/9 LogisticModel(W::Matrix,b::AbstractArray) <:
 []

LaTeX Font Info:    Font shape `T1/cmtt/bx/n' in size <7> not available
(Font)              Font shape `T1/cmtt/m/n' tried instead on input line 478.
LaTeX Font Info:    Trying to load font information for TS1+cmtt on input line 484.
(/usr/local/texlive/2021/texmf-dist/tex/latex/base/ts1cmtt.fd
File: ts1cmtt.fd 2019/12/16 v2.5j Standard LaTeX font definitions
)
<www/ce_binary.png, id=239, 501.875pt x 376.40625pt>
File: www/ce_binary.png Graphic file (type png)
<use www/ce_binary.png>
Package pdftex.def Info: www/ce_binary.png  used on input line 506.
(pdftex.def)             Requested size: 240.9049pt x 180.67868pt.

Overfull \hbox (0.9049pt too wide) in paragraph at lines 506--507
 [][] 
 []


Overfull \vbox (2.39996pt too high) has occurred while \output is active []


Underfull \hbox (badness 10000) has occurred while \output is active
  \T1/ptm/m/n/9 4
 []

[4 </Users/patrickaltmeyer/Documents/code/CounterfactualExplanations.jl/paper/www/models.png> </Users/patrickaltmeyer/Documents/code/CounterfactualExplanations.jl/paper/www/generators.png>]
<www/binary_wrong.png, id=279, 501.875pt x 376.40625pt>
File: www/binary_wrong.png Graphic file (type png)
<use www/binary_wrong.png>
Package pdftex.def Info: www/binary_wrong.png  used on input line 536.
(pdftex.def)             Requested size: 240.9049pt x 180.67868pt.

Overfull \hbox (0.9049pt too wide) in paragraph at lines 536--537
 [][] 
 []


Underfull \vbox (badness 1184) has occurred while \output is active []

LaTeX Font Info:    Font shape `U/lasy/b/n' in size <7> not available
(Font)              Font shape `U/lasy/m/n' tried instead on input line 603.
<www/ce_binary_laplace.png, id=292, 501.875pt x 376.40625pt>
File: www/ce_binary_laplace.png Graphic file (type png)
<use www/ce_binary_laplace.png>
Package pdftex.def Info: www/ce_binary_laplace.png  used on input line 616.
(pdftex.def)             Requested size: 240.9049pt x 180.67868pt.

Overfull \hbox (0.9049pt too wide) in paragraph at lines 616--617
 [][] 
 []


Underfull \hbox (badness 10000) in paragraph at lines 628--639
\T1/ptm/m/n/9 One of our pri-or-i-ties has been to make
 []


Underfull \hbox (badness 10000) in paragraph at lines 628--639
\T1/cmtt/m/n/9 CounterfactualExplanations \T1/ptm/m/n/9 scal-able and ver-sa-tile. In
 []


Overfull \vbox (2.39996pt too high) has occurred while \output is active []


Underfull \hbox (badness 10000) has occurred while \output is active
  \T1/ptm/m/n/9 5
 []

[5 </Users/patrickaltmeyer/Documents/code/CounterfactualExplanations.jl/paper/www/ce_binary.png> </Users/patrickaltmeyer/Documents/code/CounterfactualExplanations.jl/paper/www/binary_wrong.png>]
Underfull \hbox (badness 10000) in paragraph at lines 683--684
[][][][][][][][][][][][][][][][][][][][][][][][][][][][][]
 []


Underfull \hbox (badness 10000) in paragraph at lines 684--685
[][][][][][][][][][][][][][][][][][][][][][][][][][][][][]
 []


Overfull \hbox (15.0877pt too wide) in paragraph at lines 709--710
[][][][][][][][][][][][][][][][][][][][][][][][] 
 []

<www/ce_multi.png, id=322, 501.875pt x 376.40625pt>
File: www/ce_multi.png Graphic file (type png)
<use www/ce_multi.png>
Package pdftex.def Info: www/ce_multi.png  used on input line 716.
(pdftex.def)             Requested size: 240.9049pt x 180.67868pt.

Overfull \hbox (0.9049pt too wide) in paragraph at lines 716--717
 [][] 
 []


Underfull \vbox (badness 6725) has occurred while \output is active []


Overfull \vbox (2.39996pt too high) has occurred while \output is active []


Underfull \hbox (badness 10000) has occurred while \output is active
  \T1/ptm/m/n/9 6
 []

[6 </Users/patrickaltmeyer/Documents/code/CounterfactualExplanations.jl/paper/www/ce_binary_laplace.png> </Users/patrickaltmeyer/Documents/code/CounterfactualExplanations.jl/paper/www/ce_multi.png>]
Overfull \hbox (0.91617pt too wide) in paragraph at lines 739--740
[][][][][][][][][][][][][][][][][][][][][][] 
 []


Underfull \hbox (badness 10000) in paragraph at lines 744--745
[][][][][][][][][][][][][][][][][][][][][][][][][][][][][]
 []

<www/ce_multi_ensemble.png, id=370, 501.875pt x 376.40625pt>
File: www/ce_multi_ensemble.png Graphic file (type png)
<use www/ce_multi_ensemble.png>
Package pdftex.def Info: www/ce_multi_ensemble.png  used on input line 771.
(pdftex.def)             Requested size: 240.9049pt x 180.67868pt.

Overfull \hbox (0.9049pt too wide) in paragraph at lines 771--772
 [][] 
 []


Underfull \hbox (badness 1565) in paragraph at lines 802--810
[]\T1/ptm/m/n/9 Nunc mo-lestie magna pul-v-inar so-dales tris-tique. Sus-pendisse
 []


Underfull \hbox (badness 2884) in paragraph at lines 830--843
\T1/ptm/m/n/9 The Ju-lia lan-guage of-fers unique sup-port for pro-gram-ming
 []


Underfull \hbox (badness 3482) in paragraph at lines 830--843
\T1/ptm/m/n/9 made re-mark-ably easy through \T1/cmtt/m/n/9 RCall.jl \T1/ptm/m/n/9 and \T1/cmtt/m/n/9 PyCall.jl\T1/ptm/m/n/9 ,
 []


Underfull \hbox (badness 10000) in paragraph at lines 830--843
\T1/ptm/m/n/9 re-spec-tively. This func-tion-al-ity can be lever-aged to use
 []


Underfull \hbox (badness 3623) in paragraph at lines 830--843
\T1/cmtt/m/n/9 CounterfactualExplanations.jl \T1/ptm/m/n/9 to gen-er-ate ex-pla-na-tions
 []


Underfull \hbox (badness 1308) in paragraph at lines 830--843
\T1/ptm/m/n/9 While at the time of writ-ing we have not yet im-ple-mented
 []


Overfull \vbox (2.39996pt too high) has occurred while \output is active []


Underfull \hbox (badness 10000) has occurred while \output is active
  \T1/ptm/m/n/9 7
 []

[7 </Users/patrickaltmeyer/Documents/code/CounterfactualExplanations.jl/paper/www/ce_multi_ensemble.png>]
Overfull \hbox (29.25925pt too wide) in paragraph at lines 876--877
[][][][][][][][][][][][][][][][][][][][][][][][][][][][][][][][][][][][][][][][][][][][] 
 []

<www/ce_torch.png, id=410, 501.875pt x 376.40625pt>
File: www/ce_torch.png Graphic file (type png)
<use www/ce_torch.png>
Package pdftex.def Info: www/ce_torch.png  used on input line 924.
(pdftex.def)             Requested size: 240.9049pt x 180.67868pt.

Overfull \hbox (0.9049pt too wide) in paragraph at lines 924--925
 [][] 
 []


Underfull \hbox (badness 7814) in paragraph at lines 936--952
\T1/ptm/m/n/9 Now that we have ex-plained the ba-sic func-tion-al-ity of
 []


LaTeX Warning: Citation `wilson2019case.pdf' on page 8 undefined on input line 959.


Overfull \hbox (0.91617pt too wide) in paragraph at lines 968--969
[][][][][][][][][][][][][][][][][][][][][][] 
 []


Underfull \hbox (badness 10000) in paragraph at lines 973--974
[][][][][][][][][][][][][][][][][][][][][][][][][][][][][]
 []

<www/mnist_original.png, id=417, 501.875pt x 376.40625pt>
File: www/mnist_original.png Graphic file (type png)
<use www/mnist_original.png>
Package pdftex.def Info: www/mnist_original.png  used on input line 984.
(pdftex.def)             Requested size: 120.4448pt x 90.33359pt.

Overfull \vbox (2.39996pt too high) has occurred while \output is active []


Underfull \hbox (badness 10000) has occurred while \output is active
  \T1/ptm/m/n/9 8
 []

[8 </Users/patrickaltmeyer/Documents/code/CounterfactualExplanations.jl/paper/www/ce_torch.png>]
<www/mnist_9_to_4.png, id=485, 1204.5pt x 301.125pt>
File: www/mnist_9_to_4.png Graphic file (type png)
<use www/mnist_9_to_4.png>
Package pdftex.def Info: www/mnist_9_to_4.png  used on input line 1021.
(pdftex.def)             Requested size: 240.89574pt x 60.22392pt.

Overfull \hbox (0.89574pt too wide) in paragraph at lines 1021--1022
 [][] 
 []

<www/mnist_3_to_8.png, id=487, 1204.5pt x 301.125pt>
File: www/mnist_3_to_8.png Graphic file (type png)
<use www/mnist_3_to_8.png>
Package pdftex.def Info: www/mnist_3_to_8.png  used on input line 1045.
(pdftex.def)             Requested size: 240.89574pt x 60.22392pt.

Overfull \hbox (0.89574pt too wide) in paragraph at lines 1045--1046
 [][] 
 []

(/Users/patrickaltmeyer/Documents/code/CounterfactualExplanations.jl/paper/bib.tex (/Users/patrickaltmeyer/Documents/code/CounterfactualExplanations.jl/paper/paper.bbl
Underfull \hbox (badness 3792) in paragraph at lines 37--40
\T1/ptm/m/n/9 Ex-plain-ing and har-ness-ing ad-ver-sar-ial ex-am-ples. \T1/ptm/m/it/9 arXiv
 []


Overfull \vbox (2.39996pt too high) has occurred while \output is active []


Underfull \hbox (badness 10000) has occurred while \output is active
  \T1/ptm/m/n/9 9
 []

[9 </Users/patrickaltmeyer/Documents/code/CounterfactualExplanations.jl/paper/www/mnist_original.png> </Users/patrickaltmeyer/Documents/code/CounterfactualExplanations.jl/paper/www/mnist_9_to_4.png> </Users/patrickaltmeyer/Documents/code/CounterfactualExplanations.jl/paper/www/mnist_3_to_8.png>]
Underfull \hbox (badness 4181) in paragraph at lines 65--69
[]\T1/ptm/m/n/9 Amir-Hossein Karimi, Bern-hard Schölkopf, and Is-abel
 []


Underfull \hbox (badness 4765) in paragraph at lines 71--76
[]\T1/ptm/m/n/9 Amir-Hossein Karimi, Julius Von Kügel-gen, Bern-hard
 []


Underfull \hbox (badness 1184) in paragraph at lines 91--94
[]\T1/ptm/m/n/9 Yann Le-Cun. The mnist database of hand-writ-ten dig-its.
 []


Underfull \hbox (badness 1292) in paragraph at lines 96--99
[]\T1/ptm/m/n/9 Christoph Mol-nar. \T1/ptm/m/it/9 In-ter-pretable ma-chine learn-ing\T1/ptm/m/n/9 . Lulu.
 []


Underfull \hbox (badness 1400) in paragraph at lines 118--123
[]\T1/ptm/m/n/9 Martin Pawel-czyk, Sascha Bielawski, Jo-hannes van den
 []


Underfull \hbox (badness 1789) in paragraph at lines 146--149
[]\T1/ptm/m/n/9 Dylan Slack, Anna Hil-gard, Himabindu Lakkaraju, and
 []


Underfull \hbox (badness 1478) in paragraph at lines 157--160
\T1/ptm/m/n/9 To-wards ro-bust and re-li-able al-go-rith-mic re-course. \T1/ptm/m/it/9 arXiv
 []

))
Overfull \vbox (2.39996pt too high) has occurred while \output is active []


Underfull \hbox (badness 10000) has occurred while \output is active
  \T1/ptm/m/n/9 10
 []

[10] (/Users/patrickaltmeyer/Documents/code/CounterfactualExplanations.jl/paper/paper.aux)

LaTeX Warning: There were undefined references.

Package rerunfilecheck Info: File `paper.out' has not changed.
(rerunfilecheck)             Checksum: 1F8A195C8DEB310C2AB256FEA39DECB9;2531.
 ) 
Here is how much of TeX's memory you used:
 12362 strings out of 478994
 175090 string characters out of 5858184
 587117 words of memory out of 5000000
 29377 multiletter control sequences out of 15000+600000
 450342 words of font info for 127 fonts, out of 8000000 for 9000
 1141 hyphenation exceptions out of 8191
 86i,11n,88p,1146b,2021s stack positions out of 5000i,500n,10000p,200000b,80000s
{/usr/local/texlive/2021/texmf-dist/fonts/enc/dvips/cm-super/cm-super-ts1.enc}{/usr/local/texlive/2021/texmf-dist/fonts/enc/dvips/cm-super/cm-super-t1.enc}{/usr/local/texlive/2021/texmf-dist/fonts/enc/dvips/base/8r.enc}</usr/local/texlive/2021/texmf-dist/fonts/type1/public/amsfonts/cmextra/cmex9.pfb></usr/local/texlive/2021/texmf-dist/fonts/type1/public/amsfonts/cm/cmmi6.pfb></usr/local/texlive/2021/texmf-dist/fonts/type1/public/amsfonts/cm/cmmi7.pfb></usr/local/texlive/2021/texmf-dist/fonts/type1/public/amsfonts/cm/cmmi9.pfb></usr/local/texlive/2021/texmf-dist/fonts/type1/public/amsfonts/cm/cmr6.pfb></usr/local/texlive/2021/texmf-dist/fonts/type1/public/amsfonts/cm/cmr9.pfb></usr/local/texlive/2021/texmf-dist/fonts/type1/public/amsfonts/cm/cmsy10.pfb></usr/local/texlive/2021/texmf-dist/fonts/type1/public/amsfonts/latxfont/lcircle1.pfb></usr/local/texlive/2021/texmf-dist/fonts/type1/public/amsfonts/symbols/msbm10.pfb></usr/local/texlive/2021/texmf-dist/fonts/type1/public/cm-super/sftt0800.pfb></usr/local/texlive/2021/texmf-dist/fonts/type1/public/cm-super/sftt0900.pfb></usr/local/texlive/2021/texmf-dist/fonts/type1/public/cm-super/sftt1000.pfb></usr/local/texlive/2021/texmf-dist/fonts/type1/urw/times/utmb8a.pfb></usr/local/texlive/2021/texmf-dist/fonts/type1/urw/times/utmr8a.pfb></usr/local/texlive/2021/texmf-dist/fonts/type1/urw/times/utmri8a.pfb>
Output written on /Users/patrickaltmeyer/Documents/code/CounterfactualExplanations.jl/paper/paper.pdf (10 pages, 644246 bytes).
PDF statistics:
 607 PDF objects out of 1000 (max. 8388607)
 562 compressed objects within 6 object streams
 252 named destinations out of 1000 (max. 500000)
 189 words of extra memory for PDF output out of 10000 (max. 10000000)

