\BOOKMARK [1][-]{section.1}{\376\377\000I\000n\000t\000r\000o\000d\000u\000c\000t\000i\000o\000n}{}% 1
\BOOKMARK [1][-]{section.2}{\376\377\000B\000a\000c\000k\000g\000r\000o\000u\000n\000d\000\040\000a\000n\000d\000\040\000r\000e\000l\000a\000t\000e\000d\000\040\000w\000o\000r\000k}{}% 2
\BOOKMARK [2][-]{subsection.2.1}{\376\377\000L\000i\000t\000e\000r\000a\000t\000u\000r\000e\000\040\000o\000n\000\040\000e\000x\000p\000l\000a\000i\000n\000a\000b\000l\000e\000\040\000A\000I}{section.2}% 3
\BOOKMARK [2][-]{subsection.2.2}{\376\377\000E\000x\000i\000s\000t\000i\000n\000g\000\040\000s\000o\000f\000t\000w\000a\000r\000e}{section.2}% 4
\BOOKMARK [1][-]{section.3}{\376\377\000C\000o\000u\000n\000t\000e\000r\000f\000a\000c\000t\000u\000a\000l\000\040\000e\000x\000p\000l\000a\000n\000a\000t\000i\000o\000n\000s}{}% 5
\BOOKMARK [2][-]{subsection.3.1}{\376\377\000A\000\040\000f\000r\000a\000m\000e\000w\000o\000r\000k\000\040\000f\000o\000r\000\040\000C\000o\000u\000n\000t\000e\000r\000f\000a\000c\000t\000u\000a\000l\000\040\000E\000x\000p\000l\000a\000n\000a\000t\000i\000o\000n\000s}{section.3}% 6
\BOOKMARK [2][-]{subsection.3.2}{\376\377\000C\000o\000u\000n\000t\000e\000r\000f\000a\000c\000t\000u\000a\000l\000s\000\040\000f\000o\000r\000\040\000B\000a\000y\000e\000s\000i\000a\000n\000\040\000m\000o\000d\000e\000l\000s}{section.3}% 7
\BOOKMARK [1][-]{section.4}{\376\377\000T\000h\000e\000\040\000C\000o\000u\000n\000t\000e\000r\000f\000a\000c\000t\000u\000a\000l\000E\000x\000p\000l\000a\000n\000a\000t\000i\000o\000n\000s\000.\000j\000l\000\040\000P\000a\000c\000k\000a\000g\000e}{}% 8
\BOOKMARK [1][-]{section.5}{\376\377\000C\000o\000u\000n\000t\000e\000r\000f\000a\000c\000t\000u\000a\000l\000E\000x\000p\000l\000a\000n\000a\000t\000i\000o\000n\000s\000.\000j\000l\000:\000\040\000G\000e\000t\000t\000i\000n\000g\000\040\000S\000t\000a\000r\000t\000e\000d}{}% 9
\BOOKMARK [2][-]{subsection.5.1}{\376\377\000A\000\040\000S\000i\000m\000p\000l\000e\000\040\000G\000e\000n\000e\000r\000i\000c\000\040\000G\000e\000n\000e\000r\000a\000t\000o\000r}{section.5}% 10
\BOOKMARK [2][-]{subsection.5.2}{\376\377\000U\000s\000i\000n\000g\000\040\000t\000h\000e\000\040\000G\000r\000e\000e\000d\000y\000\040\000G\000e\000n\000e\000r\000a\000t\000o\000r}{section.5}% 11
\BOOKMARK [1][-]{section.6}{\376\377\000U\000s\000i\000n\000g\000\040\000C\000u\000s\000t\000o\000m\000\040\000m\000o\000d\000e\000l\000s}{}% 12
\BOOKMARK [1][-]{section.7}{\376\377\000U\000s\000i\000n\000g\000\040\000C\000u\000s\000t\000o\000m\000\040\000g\000e\000n\000e\000r\000a\000t\000o\000r\000s}{}% 13
\BOOKMARK [2][-]{subsection.7.1}{\376\377\000A\000\040\000g\000e\000n\000e\000r\000i\000c\000\040\000g\000e\000n\000e\000r\000a\000t\000o\000r\000\040\000w\000i\000t\000h\000\040\000d\000r\000o\000p\000o\000u\000t}{section.7}% 14
\BOOKMARK [1][-]{section.8}{\376\377\000F\000e\000a\000t\000u\000r\000e\000\040\000c\000o\000n\000s\000t\000r\000a\000i\000n\000t\000s}{}% 15
\BOOKMARK [2][-]{subsection.8.1}{\376\377\000M\000u\000t\000a\000b\000i\000l\000i\000t\000y}{section.8}% 16
\BOOKMARK [2][-]{subsection.8.2}{\376\377\000D\000o\000m\000a\000i\000n\000\040\000c\000o\000n\000s\000t\000r\000a\000i\000n\000t\000s}{section.8}% 17
\BOOKMARK [1][-]{section.9}{\376\377\000L\000a\000n\000g\000u\000a\000g\000e\000\040\000i\000n\000t\000e\000r\000o\000p\000e\000r\000a\000b\000i\000l\000i\000t\000y}{}% 18
\BOOKMARK [2][-]{subsection.9.1}{\376\377\000E\000x\000p\000l\000a\000i\000n\000i\000n\000g\000\040\000a\000\040\000m\000o\000d\000e\000l\000\040\000t\000r\000a\000i\000n\000e\000d\000\040\000i\000n\000\040\000R}{section.9}% 19
\BOOKMARK [1][-]{section.10}{\376\377\000A\000p\000p\000l\000i\000c\000a\000t\000i\000o\000n\000\040\000t\000o\000\040\000M\000N\000I\000S\000T}{}% 20
\BOOKMARK [1][-]{section.11}{\376\377\000D\000i\000s\000c\000u\000s\000s\000i\000o\000n\000g\000\040\000a\000n\000d\000\040\000O\000u\000t\000l\000o\000o\000k}{}% 21
\BOOKMARK [1][-]{section.12}{\376\377\000C\000o\000n\000c\000l\000u\000d\000i\000n\000g\000\040\000r\000e\000m\000a\000r\000k\000s}{}% 22
\BOOKMARK [1][-]{section.13}{\376\377\000R\000e\000f\000e\000r\000e\000n\000c\000e\000s}{}% 23
