\BOOKMARK [1][-]{section.1}{\376\377\000I\000n\000t\000r\000o\000d\000u\000c\000t\000i\000o\000n}{}% 1
\BOOKMARK [1][-]{section.2}{\376\377\000M\000e\000t\000h\000o\000d\000o\000l\000o\000g\000y}{}% 2
\BOOKMARK [1][-]{section.3}{\376\377\000U\000s\000i\000n\000g\000\040\000C\000o\000u\000n\000t\000e\000r\000f\000a\000c\000t\000u\000a\000l\000E\000x\000p\000l\000a\000n\000a\000t\000i\000o\000n\000s}{}% 3
\BOOKMARK [1][-]{section.4}{\376\377\000A\000d\000d\000i\000t\000i\000o\000n\000a\000l\000\040\000D\000o\000c\000u\000m\000e\000n\000t\000\040\000S\000t\000y\000l\000e\000\040\000O\000p\000t\000i\000o\000n\000s}{}% 4
\BOOKMARK [1][-]{section.5}{\376\377\000A\000d\000d\000i\000t\000i\000o\000n\000a\000l\000\040\000f\000e\000a\000t\000u\000r\000e\000s}{}% 5
\BOOKMARK [2][-]{subsection.5.1}{\376\377\000T\000i\000t\000l\000e\000s\000,\000\040\000A\000u\000t\000h\000o\000r\000'\000s\000\040\000N\000a\000m\000e\000,\000\040\000a\000n\000d\000\040\000A\000f\000f\000i\000l\000i\000a\000t\000i\000o\000n}{section.5}% 6
\BOOKMARK [2][-]{subsection.5.2}{\376\377\000W\000r\000i\000t\000i\000n\000g\000\040\000J\000u\000l\000i\000a\000\040\000c\000o\000d\000e}{section.5}% 7
\BOOKMARK [2][-]{subsection.5.3}{\376\377\000A\000b\000s\000t\000r\000a\000c\000t\000s\000,\000\040\000K\000e\000y\000\040\000w\000o\000r\000d\000s\000,\000\040\000t\000e\000r\000m\000\040\000e\000t\000c\000.\000.\000.}{section.5}% 8
\BOOKMARK [1][-]{section.6}{\376\377\000S\000o\000m\000e\000\040\000g\000u\000i\000d\000e\000l\000i\000n\000e\000s}{}% 9
\BOOKMARK [2][-]{subsection.6.1}{\376\377\000S\000e\000c\000t\000i\000o\000n\000s}{section.6}% 10
\BOOKMARK [2][-]{subsection.6.2}{\376\377\000L\000i\000s\000t\000s}{section.6}% 11
\BOOKMARK [2][-]{subsection.6.3}{\376\377\000I\000l\000l\000u\000s\000t\000r\000a\000t\000i\000o\000n\000s\000\040\000\050\000o\000r\000\040\000f\000i\000g\000u\000r\000e\000s\000\051}{section.6}% 12
\BOOKMARK [2][-]{subsection.6.4}{\376\377\000T\000a\000b\000l\000e\000s}{section.6}% 13
\BOOKMARK [2][-]{subsection.6.5}{\376\377\000L\000a\000n\000d\000s\000c\000a\000p\000i\000n\000g\000\040\000P\000a\000g\000e\000s}{section.6}% 14
\BOOKMARK [2][-]{subsection.6.6}{\376\377\000D\000o\000u\000b\000l\000e\000\040\000C\000o\000l\000u\000m\000n\000\040\000F\000i\000g\000u\000r\000e\000\040\000a\000n\000d\000\040\000T\000a\000b\000l\000e\000s}{section.6}% 15
\BOOKMARK [2][-]{subsection.6.7}{\376\377\000T\000y\000p\000e\000s\000e\000t\000t\000i\000n\000g\000\040\000M\000a\000t\000h\000e\000m\000a\000t\000i\000c\000s}{section.6}% 16
\BOOKMARK [2][-]{subsection.6.8}{\376\377\000E\000n\000u\000n\000c\000i\000a\000t\000i\000o\000n\000s}{section.6}% 17
\BOOKMARK [2][-]{subsection.6.9}{\376\377\000E\000x\000t\000r\000a\000c\000t}{section.6}% 18
\BOOKMARK [2][-]{subsection.6.10}{\376\377\000B\000a\000l\000a\000n\000c\000i\000n\000g\000\040\000c\000o\000l\000u\000m\000n\000\040\000a\000t\000\040\000l\000a\000s\000t\000\040\000p\000a\000g\000e}{section.6}% 19
\BOOKMARK [1][-]{section.7}{\376\377\000H\000a\000n\000d\000l\000i\000n\000g\000\040\000r\000e\000f\000e\000r\000e\000n\000c\000e\000s}{}% 20
\BOOKMARK [1][-]{section.8}{\376\377\000R\000e\000f\000e\000r\000e\000n\000c\000e\000s}{}% 21
